2026-04-12 10:14:18,057 [ERROR] ConfigurationRetriever:142 - IOException on connection: sw-center.st.com
2026-04-12 10:14:18,068 [ERROR] ConfigurationRetriever:142 - IOException on connection: sw-center.st.com
2026-04-12 10:14:18,069 [ERROR] ConfigurationRetriever:142 - IOException on connection: sw-center.st.com
2026-04-12 12:20:50,496 [ERROR] LogOutputStream:75 - [STDERR_REDIRECT] 
2026-04-12 16:17:45,864 [INFO] Activator:176 - 


2026-04-12 16:17:45,866 [INFO] Activator:177 - !SESSION log4j initialized
2026-04-12 16:17:51,506 [INFO] LogOutputStream:77 - [STDOUT_REDIRECT] 
2026-04-12 16:17:51,826 [ERROR] LogOutputStream:75 - [STDERR_REDIRECT] 
2026-04-12 16:17:54,462 [INFO] LogOutputStream:77 - [STDOUT_REDIRECT] 
2026-04-12 16:17:56,253 [INFO] ApplicationProperties:184 - Using Application install path: /Applications/STM32CubeIDE.app/Contents/Eclipse/plugins/com.st.stm32cube.common.mx_6.15.0.202507011659
2026-04-12 16:17:56,270 [INFO] DbMcusXml:78 - Set database path to: /Applications/STM32CubeIDE.app/Contents/Eclipse/plugins/com.st.stm32cube.common.mx_6.15.0.202507011659//db//mcu/
2026-04-12 16:17:56,270 [INFO] ApiDb:274 - Set plugin database path to: /Applications/STM32CubeIDE.app/Contents/Eclipse/plugins/com.st.stm32cube.common.mx_6.15.0.202507011659//db//plugins/boardmanager/
2026-04-12 16:17:56,271 [WARN] ApiDb:259 - Overriding images path with different value:  => /Applications/STM32CubeIDE.app/Contents/Eclipse/plugins/com.st.stm32cube.common.mx_6.15.0.202507011659//db//plugins/mcufinder/images/
2026-04-12 16:17:56,278 [INFO] ApiDb:250 - Set database path to: /Users/nilaNila/.stmcufinder/plugins/mcufinder//mcu/
2026-04-12 16:17:56,278 [INFO] DbMcusAds:125 - Set database path to: /Users/nilaNila/.stmcufinder/plugins/mcufinder//mcu/
2026-04-12 16:17:56,280 [INFO] CrossReferenceDbSqlite:203 - Set database path to: /Users/nilaNila/.stmcufinder/plugins/mcufinder//mcu/cs/
2026-04-12 16:17:56,438 [INFO] RulesReader:64 - Compatibility file has been processed (317 Rules)
2026-04-12 16:17:56,493 [INFO] DbMcusXml:78 - Set database path to: /Applications/STM32CubeIDE.app/Contents/Eclipse/plugins/com.st.stm32cube.common.mx_6.15.0.202507011659//db//mcu/
2026-04-12 16:17:56,493 [INFO] ApiDb:274 - Set plugin database path to: /Applications/STM32CubeIDE.app/Contents/Eclipse/plugins/com.st.stm32cube.common.mx_6.15.0.202507011659//db//plugins/boardmanager/
2026-04-12 16:17:56,493 [INFO] ApiDb:261 - Set plugin images path to: /Applications/STM32CubeIDE.app/Contents/Eclipse/plugins/com.st.stm32cube.common.mx_6.15.0.202507011659//db//plugins/mcufinder/images/
2026-04-12 16:17:56,494 [WARN] DbFile:41 - Overriding database path with different value: /Users/nilaNila/.stmcufinder/plugins/mcufinder/ => /Users/nilaNila/.stmcufinder/plugins/mcufinder
2026-04-12 16:17:56,494 [INFO] ApiDb:250 - Set database path to: /Users/nilaNila/.stmcufinder/plugins/mcufinder//mcu/
2026-04-12 16:17:56,494 [WARN] DbFile:41 - Overriding database path with different value: /Users/nilaNila/.stmcufinder/plugins/mcufinder/ => /Users/nilaNila/.stmcufinder/plugins/mcufinder
2026-04-12 16:17:56,494 [INFO] DbMcusAds:125 - Set database path to: /Users/nilaNila/.stmcufinder/plugins/mcufinder//mcu/
2026-04-12 16:17:56,494 [WARN] DbFile:41 - Overriding database path with different value: /Users/nilaNila/.stmcufinder/plugins/mcufinder/ => /Users/nilaNila/.stmcufinder/plugins/mcufinder
2026-04-12 16:17:56,494 [WARN] DbFile:41 - Overriding database path with different value: /Users/nilaNila/.stmcufinder/plugins/mcufinder/ => /Users/nilaNila/.stmcufinder/plugins/mcufinder
2026-04-12 16:17:56,494 [INFO] CrossReferenceDbSqlite:203 - Set database path to: /Users/nilaNila/.stmcufinder/plugins/mcufinder//mcu/cs/
2026-04-12 16:17:56,572 [INFO] MainPanel:274 - HeapMemory: 268435456
2026-04-12 16:17:57,277 [INFO] DbMcusXml:78 - Set database path to: /Applications/STM32CubeIDE.app/Contents/Eclipse/plugins/com.st.stm32cube.common.mx_6.15.0.202507011659//db//mcu/
2026-04-12 16:17:57,278 [INFO] ApiDb:274 - Set plugin database path to: /Applications/STM32CubeIDE.app/Contents/Eclipse/plugins/com.st.stm32cube.common.mx_6.15.0.202507011659//db//plugins/boardmanager/
2026-04-12 16:17:57,278 [INFO] ApiDb:261 - Set plugin images path to: /Applications/STM32CubeIDE.app/Contents/Eclipse/plugins/com.st.stm32cube.common.mx_6.15.0.202507011659//db//plugins/mcufinder/images/
2026-04-12 16:17:57,278 [WARN] DbFile:41 - Overriding database path with different value: /Users/nilaNila/.stmcufinder/plugins/mcufinder/ => /Users/nilaNila/.stmcufinder/plugins/mcufinder
2026-04-12 16:17:57,279 [INFO] ApiDb:250 - Set database path to: /Users/nilaNila/.stmcufinder/plugins/mcufinder//mcu/
2026-04-12 16:17:57,279 [WARN] DbFile:41 - Overriding database path with different value: /Users/nilaNila/.stmcufinder/plugins/mcufinder/ => /Users/nilaNila/.stmcufinder/plugins/mcufinder
2026-04-12 16:17:57,279 [INFO] DbMcusAds:125 - Set database path to: /Users/nilaNila/.stmcufinder/plugins/mcufinder//mcu/
2026-04-12 16:17:57,279 [WARN] DbFile:41 - Overriding database path with different value: /Users/nilaNila/.stmcufinder/plugins/mcufinder/ => /Users/nilaNila/.stmcufinder/plugins/mcufinder
2026-04-12 16:17:57,279 [WARN] DbFile:41 - Overriding database path with different value: /Users/nilaNila/.stmcufinder/plugins/mcufinder/ => /Users/nilaNila/.stmcufinder/plugins/mcufinder
2026-04-12 16:17:57,279 [INFO] CrossReferenceDbSqlite:203 - Set database path to: /Users/nilaNila/.stmcufinder/plugins/mcufinder//mcu/cs/
2026-04-12 16:17:57,298 [INFO] ApplicationProperties:184 - Using Application install path: /Applications/STM32CubeIDE.app/Contents/Eclipse/plugins/com.st.stm32cube.common.mx_6.15.0.202507011659
2026-04-12 16:17:57,300 [INFO] PluginManage:196 - Search for loadable plugins [exclusion list=, ]
2026-04-12 16:17:57,301 [INFO] PluginManage:310 - Check plugin analytics
2026-04-12 16:17:57,535 [INFO] AnalyticsPlugin:253 - Accepted Software Licenses: 
2026-04-12 16:17:57,535 [INFO] AnalyticsPlugin:255 - Accepted CMSIS Pack Licenses: 
2026-04-12 16:17:57,535 [INFO] AnalyticsPlugin:257 - Accepted Firmware Licenses: 
2026-04-12 16:17:57,540 [INFO] PluginManage:359 - Loaded plugin analytics (category:tool,tabindex:-1)
2026-04-12 16:17:57,542 [INFO] PluginManage:310 - Check plugin cadmodel
2026-04-12 16:17:57,555 [INFO] CADModel:105 - Init CAD model plugin
2026-04-12 16:17:57,555 [INFO] PluginManage:359 - Loaded plugin cadmodel (category:power,tabindex:5)
2026-04-12 16:17:57,555 [INFO] PluginManage:310 - Check plugin clock
2026-04-12 16:17:57,566 [INFO] PluginManage:359 - Loaded plugin clock (category:base,tabindex:2)
2026-04-12 16:17:57,567 [INFO] PluginManage:310 - Check plugin ddr
2026-04-12 16:17:57,569 [INFO] PluginManage:359 - Loaded plugin ddr (category:tool,tabindex:6)
2026-04-12 16:17:57,569 [INFO] PluginManage:310 - Check plugin filemanager
2026-04-12 16:17:57,747 [INFO] PluginManage:359 - Loaded plugin filemanager (category:base,tabindex:10)
2026-04-12 16:17:57,747 [INFO] PluginManage:310 - Check plugin ipmanager
2026-04-12 16:17:57,753 [INFO] PluginManage:359 - Loaded plugin ipmanager (category:base,tabindex:5)
2026-04-12 16:17:57,753 [INFO] PluginManage:310 - Check plugin lpbam
2026-04-12 16:17:57,762 [INFO] PluginManage:359 - Loaded plugin lpbam (category:base,tabindex:0)
2026-04-12 16:17:57,762 [INFO] PluginManage:310 - Check plugin memorymap
2026-04-12 16:17:57,772 [INFO] PluginManage:359 - Loaded plugin memorymap (category:base,tabindex:4)
2026-04-12 16:17:57,773 [INFO] PluginManage:310 - Check plugin pinoutandconfiguration
2026-04-12 16:17:57,781 [INFO] PluginManage:359 - Loaded plugin pinoutandconfiguration (category:base,tabindex:1)
2026-04-12 16:17:57,781 [INFO] PluginManage:310 - Check plugin pinoutconfig
2026-04-12 16:17:57,871 [WARN] SupportedApi:132 - Cannot load RTOS API schema: s4s-elt-must-match.1: The content of 'definitions' must match (annotation?, (simpleType | complexType)?, (unique | key | keyref)*)). A problem was found starting at: attribute.
2026-04-12 16:17:58,027 [INFO] PluginManage:359 - Loaded plugin pinoutconfig (category:base,tabindex:0)
2026-04-12 16:17:58,028 [INFO] PluginManage:310 - Check plugin power
2026-04-12 16:17:58,041 [INFO] PluginManage:359 - Loaded plugin power (category:power,tabindex:4)
2026-04-12 16:17:58,041 [INFO] PluginManage:310 - Check plugin projectmanager
2026-04-12 16:17:58,070 [INFO] PluginManage:359 - Loaded plugin projectmanager (category:projectmanager,tabindex:4)
2026-04-12 16:17:58,070 [INFO] PluginManage:310 - Check plugin rif
2026-04-12 16:17:58,080 [INFO] PluginManage:359 - Loaded plugin rif (category:base,tabindex:3)
2026-04-12 16:17:58,081 [INFO] PluginManage:310 - Check plugin thirdparty
2026-04-12 16:17:58,246 [INFO] PluginManage:359 - Loaded plugin thirdparty (category:base,tabindex:-1)
2026-04-12 16:17:58,245 [WARN] IntegrityCheckThread:84 - waiting for thirdparty lock release [integrity check]
2026-04-12 16:17:58,246 [INFO] PluginManage:310 - Check plugin tools
2026-04-12 16:17:58,246 [INFO] IntegrityCheckThread:86 - entering critical section [integrity check]
2026-04-12 16:17:58,247 [INFO] ThirdPartyUpdaterWithRetryManager:70 - Updater plugin not ready yet. [1/15]
2026-04-12 16:17:58,248 [INFO] PluginManage:359 - Loaded plugin tools (category:base,tabindex:7)
2026-04-12 16:17:58,248 [INFO] PluginManage:310 - Check plugin tutovideos
2026-04-12 16:17:58,441 [INFO] PluginManage:359 - Loaded plugin tutovideos (category:base,tabindex:-1)
2026-04-12 16:17:58,441 [INFO] PluginManage:310 - Check plugin updater
2026-04-12 16:17:58,470 [INFO] PluginManage:359 - Loaded plugin updater (category:base,tabindex:12)
2026-04-12 16:17:58,471 [INFO] PluginManage:310 - Check plugin userauth
2026-04-12 16:17:58,475 [INFO] UserAuth:118 - Init User Auth plugin
2026-04-12 16:17:58,476 [INFO] PluginManage:359 - Loaded plugin userauth (category:base,tabindex:14)
2026-04-12 16:17:58,477 [INFO] PluginManage:283 - PluginManage : Loaded plugins [18]
2026-04-12 16:17:58,714 [INFO] PinOutPanel:1589 - setPackage(No Configuration,No Configuration)
2026-04-12 16:17:58,790 [INFO] CADModel:165 - CPN selected for project level
2026-04-12 16:17:58,790 [INFO] CADModel:114 - Register for checkConnection events
2026-04-12 16:17:58,803 [INFO] IPUIPlugin:80 - create IPUIPlugin
2026-04-12 16:17:58,804 [INFO] PluginManager:220 - loadIPPluginJar : add mdma
2026-04-12 16:17:58,810 [INFO] IPUIPlugin:80 - create IPUIPlugin
2026-04-12 16:17:58,810 [INFO] PluginManager:220 - loadIPPluginJar : add freertos
2026-04-12 16:17:58,813 [INFO] IPUIPlugin:80 - create IPUIPlugin
2026-04-12 16:17:58,813 [INFO] PluginManager:220 - loadIPPluginJar : add gic
2026-04-12 16:17:58,821 [INFO] IPUIPlugin:80 - create IPUIPlugin
2026-04-12 16:17:58,821 [INFO] PluginManager:220 - loadIPPluginJar : add adc
2026-04-12 16:17:58,823 [INFO] IPUIPlugin:80 - create IPUIPlugin
2026-04-12 16:17:58,823 [INFO] PluginManager:220 - loadIPPluginJar : add gtzc
2026-04-12 16:17:58,824 [INFO] IPUIPlugin:80 - create IPUIPlugin
2026-04-12 16:17:58,824 [INFO] PluginManager:220 - loadIPPluginJar : add quadspi
2026-04-12 16:17:58,826 [INFO] IPUIPlugin:80 - create IPUIPlugin
2026-04-12 16:17:58,826 [INFO] PluginManager:220 - loadIPPluginJar : add aes
2026-04-12 16:17:58,829 [INFO] IPUIPlugin:80 - create IPUIPlugin
2026-04-12 16:17:58,829 [INFO] PluginManager:220 - loadIPPluginJar : add pdm2pcm
2026-04-12 16:17:58,830 [INFO] IPUIPlugin:80 - create IPUIPlugin
2026-04-12 16:17:58,830 [INFO] PluginManager:220 - loadIPPluginJar : add hash
2026-04-12 16:17:58,831 [INFO] IPUIPlugin:80 - create IPUIPlugin
2026-04-12 16:17:58,831 [INFO] PluginManager:220 - loadIPPluginJar : add tim
2026-04-12 16:17:58,833 [INFO] IPUIPlugin:80 - create IPUIPlugin
2026-04-12 16:17:58,833 [INFO] PluginManager:220 - loadIPPluginJar : add tsc
2026-04-12 16:17:58,835 [INFO] IPUIPlugin:80 - create IPUIPlugin
2026-04-12 16:17:58,835 [INFO] PluginManager:220 - loadIPPluginJar : add extmemmanager
2026-04-12 16:17:58,837 [INFO] IPUIPlugin:80 - create IPUIPlugin
2026-04-12 16:17:58,837 [INFO] PluginManager:220 - loadIPPluginJar : add ts
2026-04-12 16:17:58,838 [INFO] IPUIPlugin:80 - create IPUIPlugin
2026-04-12 16:17:58,838 [INFO] PluginManager:220 - loadIPPluginJar : add radio
2026-04-12 16:17:58,839 [INFO] IPUIPlugin:80 - create IPUIPlugin
2026-04-12 16:17:58,839 [INFO] PluginManager:220 - loadIPPluginJar : add can
2026-04-12 16:17:58,841 [INFO] IPUIPlugin:80 - create IPUIPlugin
2026-04-12 16:17:58,841 [INFO] PluginManager:220 - loadIPPluginJar : add dma3
2026-04-12 16:17:58,842 [INFO] IPUIPlugin:80 - create IPUIPlugin
2026-04-12 16:17:58,842 [INFO] PluginManager:220 - loadIPPluginJar : add dfsdm
2026-04-12 16:17:58,844 [INFO] IPUIPlugin:80 - create IPUIPlugin
2026-04-12 16:17:58,844 [INFO] PluginManager:220 - loadIPPluginJar : add spi
2026-04-12 16:17:58,845 [INFO] IPUIPlugin:80 - create IPUIPlugin
2026-04-12 16:17:58,845 [INFO] PluginManager:220 - loadIPPluginJar : add gfxmmu
2026-04-12 16:17:58,847 [INFO] IPUIPlugin:80 - create IPUIPlugin
2026-04-12 16:17:58,847 [INFO] PluginManager:220 - loadIPPluginJar : add genericplugin
2026-04-12 16:17:58,848 [INFO] IPUIPlugin:80 - create IPUIPlugin
2026-04-12 16:17:58,848 [INFO] PluginManager:220 - loadIPPluginJar : add cryp
2026-04-12 16:17:58,851 [INFO] IPUIPlugin:80 - create IPUIPlugin
2026-04-12 16:17:58,852 [INFO] PluginManager:220 - loadIPPluginJar : add gpio
2026-04-12 16:17:58,854 [INFO] IPUIPlugin:80 - create IPUIPlugin
2026-04-12 16:17:58,854 [INFO] PluginManager:220 - loadIPPluginJar : add ddr_ctrl_phy
2026-04-12 16:17:58,856 [INFO] IPUIPlugin:80 - create IPUIPlugin
2026-04-12 16:17:58,856 [INFO] PluginManager:220 - loadIPPluginJar : add comp
2026-04-12 16:17:58,858 [INFO] IPUIPlugin:80 - create IPUIPlugin
2026-04-12 16:17:58,859 [INFO] PluginManager:220 - loadIPPluginJar : add tracer_emb
2026-04-12 16:17:58,862 [INFO] IPUIPlugin:80 - create IPUIPlugin
2026-04-12 16:17:58,862 [INFO] PluginManager:220 - loadIPPluginJar : add openamp
2026-04-12 16:17:58,866 [INFO] IPUIPlugin:80 - create IPUIPlugin
2026-04-12 16:17:58,866 [INFO] PluginManager:220 - loadIPPluginJar : add stm32_wpan
2026-04-12 16:17:58,869 [INFO] IPUIPlugin:80 - create IPUIPlugin
2026-04-12 16:17:58,872 [INFO] PluginManager:220 - loadIPPluginJar : add plateformsettings
2026-04-12 16:17:58,875 [INFO] IPUIPlugin:80 - create IPUIPlugin
2026-04-12 16:17:58,875 [INFO] PluginManager:220 - loadIPPluginJar : add ipddr
2026-04-12 16:17:58,877 [INFO] IPUIPlugin:80 - create IPUIPlugin
2026-04-12 16:17:58,877 [INFO] PluginManager:220 - loadIPPluginJar : add usart
2026-04-12 16:17:58,878 [INFO] IPUIPlugin:80 - create IPUIPlugin
2026-04-12 16:17:58,878 [INFO] PluginManager:220 - loadIPPluginJar : add ltdc
2026-04-12 16:17:58,880 [INFO] IPUIPlugin:80 - create IPUIPlugin
2026-04-12 16:17:58,880 [INFO] PluginManager:220 - loadIPPluginJar : add nvic
2026-04-12 16:17:58,881 [INFO] IPUIPlugin:80 - create IPUIPlugin
2026-04-12 16:17:58,881 [INFO] PluginManager:220 - loadIPPluginJar : add fatfs
2026-04-12 16:17:58,886 [INFO] IPUIPlugin:80 - create IPUIPlugin
2026-04-12 16:17:58,886 [INFO] PluginManager:220 - loadIPPluginJar : add linkedlist
2026-04-12 16:17:58,890 [INFO] IPUIPlugin:80 - create IPUIPlugin
2026-04-12 16:17:58,890 [INFO] PluginManager:220 - loadIPPluginJar : add dma
2026-04-12 16:17:58,892 [INFO] IPUIPlugin:80 - create IPUIPlugin
2026-04-12 16:17:58,892 [INFO] PluginManager:220 - loadIPPluginJar : add fmc
2026-04-12 16:17:58,893 [INFO] IPUIPlugin:80 - create IPUIPlugin
2026-04-12 16:17:58,893 [INFO] PluginManager:220 - loadIPPluginJar : add i2s
2026-04-12 16:17:58,894 [INFO] IPUIPlugin:80 - create IPUIPlugin
2026-04-12 16:17:58,895 [INFO] PluginManager:220 - loadIPPluginJar : add ucpd
2026-04-12 16:17:58,896 [INFO] IPUIPlugin:80 - create IPUIPlugin
2026-04-12 16:17:58,896 [INFO] PluginManager:220 - loadIPPluginJar : add lorawan
2026-04-12 16:17:58,897 [INFO] IPUIPlugin:80 - create IPUIPlugin
2026-04-12 16:17:58,897 [INFO] PluginManager:220 - loadIPPluginJar : add opamp
2026-04-12 16:17:58,899 [INFO] IPUIPlugin:80 - create IPUIPlugin
2026-04-12 16:17:58,899 [INFO] PluginManager:220 - loadIPPluginJar : add i3c
2026-04-12 16:17:58,901 [INFO] IPUIPlugin:80 - create IPUIPlugin
2026-04-12 16:17:58,901 [INFO] PluginManager:220 - loadIPPluginJar : add touchsensing
2026-04-12 16:17:58,903 [INFO] IPUIPlugin:80 - create IPUIPlugin
2026-04-12 16:17:58,903 [INFO] PluginManager:220 - loadIPPluginJar : add i2c
2026-04-12 16:17:58,905 [INFO] IPUIPlugin:80 - create IPUIPlugin
2026-04-12 16:17:58,905 [INFO] PluginManager:220 - loadIPPluginJar : add resmgrutility
2026-04-12 16:17:58,907 [INFO] IPUIPlugin:80 - create IPUIPlugin
2026-04-12 16:17:58,907 [INFO] PluginManager:220 - loadIPPluginJar : add sai
2026-04-12 16:17:58,910 [INFO] IPUIPlugin:80 - create IPUIPlugin
2026-04-12 16:17:58,910 [INFO] PluginManager:220 - loadIPPluginJar : add usbx
2026-04-12 16:17:59,060 [FATAL] Updater:351 - Updater called before beeing initialized
2026-04-12 16:17:59,115 [INFO] RulesReader:64 - Compatibility file has been processed (317 Rules)
2026-04-12 16:17:59,128 [INFO] RulesReader:64 - Compatibility file has been processed (317 Rules)
2026-04-12 16:17:59,136 [INFO] CADModel:165 - CPN selected for project level
2026-04-12 16:17:59,136 [INFO] CADModel:114 - Register for checkConnection events
2026-04-12 16:17:59,137 [FATAL] Updater:351 - Updater called before beeing initialized
2026-04-12 16:17:59,137 [ERROR] CADModel:125 - Updater not yet initialized, retry later 
2026-04-12 16:17:59,371 [FATAL] Updater:351 - Updater called before beeing initialized
2026-04-12 16:17:59,373 [INFO] CADModel:165 - CPN selected for project level
2026-04-12 16:17:59,373 [INFO] CADModel:114 - Register for checkConnection events
2026-04-12 16:17:59,373 [FATAL] Updater:351 - Updater called before beeing initialized
2026-04-12 16:17:59,373 [ERROR] CADModel:125 - Updater not yet initialized, retry later 
2026-04-12 16:17:59,376 [FATAL] Updater:351 - Updater called before beeing initialized
2026-04-12 16:17:59,530 [FATAL] Updater:351 - Updater called before beeing initialized
2026-04-12 16:17:59,536 [INFO] DbMcusAds:53 - JSON generation date=Wed Feb 18 20:02:49 IST 2026 (1771425169665)
2026-04-12 16:17:59,537 [FATAL] Updater:351 - Updater called before beeing initialized
2026-04-12 16:17:59,600 [WARN] DetailPanel:346 - Failed to get advertising image, set to default
2026-04-12 16:17:59,680 [FATAL] Updater:351 - Updater called before beeing initialized
2026-04-12 16:17:59,683 [FATAL] Updater:351 - Updater called before beeing initialized
2026-04-12 16:17:59,684 [FATAL] Updater:351 - Updater called before beeing initialized
2026-04-12 16:17:59,684 [WARN] DetailPanel:346 - Failed to get advertising image, set to default
2026-04-12 16:17:59,688 [FATAL] Updater:351 - Updater called before beeing initialized
2026-04-12 16:17:59,781 [ERROR] Updater:1198 - MainUpdater not yet initialized. External WinMGr cannot be set.
2026-04-12 16:17:59,786 [INFO] Updater:1134 - Updater Version found : 6.15.0
2026-04-12 16:17:59,801 [INFO] ApplicationProperties:184 - Using Application install path: /Applications/STM32CubeIDE.app/Contents/Eclipse/plugins/com.st.stm32cube.common.mx_6.15.0.202507011659
2026-04-12 16:18:00,237 [INFO] MainUpdater:2872 - connection check result : 10
2026-04-12 16:18:00,241 [INFO] MainUpdater:289 - Updater Check For Update Now.
2026-04-12 16:18:00,242 [INFO] MicroXplorer:498 - Change Database Version : DB.6.0.150
2026-04-12 16:18:00,252 [INFO] McuFinderGlobals:63 - Set McuFinder mode to 2 (CubeIDE integrated)
2026-04-12 16:18:00,252 [INFO] UserAuth:171 - activating auth plugin
2026-04-12 16:18:00,273 [INFO] UserAuth:487 - Internet connection configuration mode: 1
2026-04-12 16:18:00,288 [INFO] JxBrowserEngine:152 - Initiate JxBrowser Engine with user profile folder
2026-04-12 16:18:00,519 [INFO] CheckServerUpdateThread:120 - End of CheckServer Thread
2026-04-12 16:18:01,543 [WARN] PackLoader:240 - Cannot read IP mode file for STMicroelectronics.X-CUBE-AZRTOS-H7.3.5.0
2026-04-12 16:18:01,609 [WARN] PackLoader:240 - Cannot read IP mode file for STMicroelectronics.FP-SNS-MOTENVWB1.1.4.0
2026-04-12 16:18:01,646 [WARN] PackLoader:240 - Cannot read IP mode file for STMicroelectronics.FP-ATR-ASTRA1.2.0.2
2026-04-12 16:18:01,655 [WARN] PackLoader:240 - Cannot read IP mode file for STMicroelectronics.X-CUBE-SMBUS.2.1.0
2026-04-12 16:18:01,691 [WARN] PackLoader:240 - Cannot read IP mode file for STMicroelectronics.X-CUBE-AZRTOS-F7.1.1.0
2026-04-12 16:18:01,714 [WARN] PackLoader:240 - Cannot read IP mode file for STMicroelectronics.FP-SNS-MOTENV1.5.1.0
2026-04-12 16:18:01,728 [WARN] PackLoader:240 - Cannot read IP mode file for WES.I-CUBE-Cesium.1.4.0
2026-04-12 16:18:01,775 [WARN] PackLoader:240 - Cannot read IP mode file for STMicroelectronics.X-CUBE-AZRTOS-H7.3.4.0
2026-04-12 16:18:01,808 [WARN] PackLoader:240 - Cannot read IP mode file for STMicroelectronics.X-CUBE-DISPLAY.3.0.0
2026-04-12 16:18:01,832 [WARN] PackLoader:240 - Cannot read IP mode file for STMicroelectronics.FP-SNS-MOTENVWB1.1.5.0
2026-04-12 16:18:01,866 [WARN] PackLoader:240 - Cannot read IP mode file for STMicroelectronics.X-CUBE-NFC10.1.0.0
2026-04-12 16:18:01,877 [WARN] PackLoader:240 - Cannot read IP mode file for STMicroelectronics.X-CUBE-ST60.1.1.0
2026-04-12 16:18:01,887 [WARN] PackLoader:240 - Cannot read IP mode file for emotas.I-CUBE-CANOPEN.1.3.0
2026-04-12 16:18:01,894 [WARN] PackLoader:240 - Cannot read IP mode file for STMicroelectronics.X-CUBE-GNSS1.7.1.0
2026-04-12 16:18:01,906 [WARN] PackLoader:240 - Cannot read IP mode file for STMicroelectronics.FP-SNS-STBOX1.2.1.0
2026-04-12 16:18:01,918 [WARN] PackLoader:240 - Cannot read IP mode file for STMicroelectronics.FP-SNS-SMARTAG2.1.2.0
2026-04-12 16:18:01,940 [WARN] PackLoader:240 - Cannot read IP mode file for STMicroelectronics.FP-SNS-FLIGHT1.5.1.0
2026-04-12 16:18:01,986 [INFO] LogOutputStream:77 - [STDOUT_REDIRECT] 1 : Invalid condition id : UX_CORESTACK_Condition cause : null
2026-04-12 16:18:01,988 [INFO] LogOutputStream:77 - [STDOUT_REDIRECT] 1 : Invalid condition id : UX_CORESTACK_Condition cause : null
2026-04-12 16:18:01,988 [INFO] LogOutputStream:77 - [STDOUT_REDIRECT] 1 : Invalid condition id : UX_CORESTACK_Condition cause : null
2026-04-12 16:18:01,988 [INFO] LogOutputStream:77 - [STDOUT_REDIRECT] 1 : Invalid condition id : UX_CORESTACK_Condition cause : null
2026-04-12 16:18:01,988 [INFO] LogOutputStream:77 - [STDOUT_REDIRECT] 1 : Invalid condition id : UX_CORESTACK_Condition cause : null
2026-04-12 16:18:01,997 [WARN] PackLoader:240 - Cannot read IP mode file for STMicroelectronics.X-CUBE-AZRTOS-WL.2.0.0
2026-04-12 16:18:02,042 [WARN] PackLoader:240 - Cannot read IP mode file for STMicroelectronics.X-CUBE-AZRTOS-H7RS.1.2.0
2026-04-12 16:18:02,055 [WARN] PackLoader:240 - Cannot read IP mode file for STMicroelectronics.X-CUBE-BLE2.3.3.0
2026-04-12 16:18:02,130 [WARN] PackLoader:240 - Cannot read IP mode file for Infineon.AIROC-Wi-Fi-Bluetooth-STM32.1.8.0
2026-04-12 16:18:02,159 [WARN] PackLoader:240 - Cannot read IP mode file for STMicroelectronics.X-CUBE-NFC9.1.0.0
2026-04-12 16:18:02,180 [WARN] PackLoader:240 - Cannot read IP mode file for STMicroelectronics.X-CUBE-BLE1.7.1.0
2026-04-12 16:18:02,185 [WARN] PackLoader:240 - Cannot read IP mode file for wolfSSL.I-CUBE-wolfMQTT.1.19.2
2026-04-12 16:18:02,201 [WARN] PackLoader:240 - Cannot read IP mode file for STMicroelectronics.X-CUBE-FREERTOS.1.4.0
2026-04-12 16:18:02,209 [WARN] PackLoader:240 - Cannot read IP mode file for STMicroelectronics.X-CUBE-EEPRMA1.5.2.0
2026-04-12 16:18:02,222 [WARN] PackLoader:240 - Cannot read IP mode file for wolfSSL.I-CUBE-wolfSSL.5.8.4
2026-04-12 16:18:02,229 [WARN] PackLoader:240 - Cannot read IP mode file for Cesanta.I-CUBE-Mongoose.7.20.0
2026-04-12 16:18:02,324 [WARN] PackLoader:240 - Cannot read IP mode file for STMicroelectronics.X-CUBE-MEMS1.12.0.0
2026-04-12 16:18:02,432 [WARN] PackLoader:240 - Cannot read IP mode file for STMicroelectronics.X-CUBE-AZRTOS-G0.1.1.0
2026-04-12 16:18:02,445 [WARN] PackLoader:240 - Cannot read IP mode file for STMicroelectronics.X-CUBE-NFC4.3.0.0
2026-04-12 16:18:02,499 [WARN] PackLoader:240 - Cannot read IP mode file for EmbeddedOffice.I-CUBE-FS-RTOS.1.0.1
2026-04-12 16:18:02,776 [WARN] PackLoader:240 - Cannot read IP mode file for STMicroelectronics.X-CUBE-WB05N.2.0.0
2026-04-12 16:18:02,813 [WARN] PackLoader:240 - Cannot read IP mode file for wolfSSL.I-CUBE-wolfTPM.3.8.0
2026-04-12 16:18:02,823 [WARN] PackLoader:240 - Cannot read IP mode file for STMicroelectronics.X-CUBE-TCPP.4.2.0
2026-04-12 16:18:02,836 [WARN] PackLoader:240 - Cannot read IP mode file for RealThread.X-CUBE-RT-Thread_Nano.4.1.1
2026-04-12 16:18:02,841 [WARN] PackLoader:240 - Cannot read IP mode file for STMicroelectronics.FP-ATR-SIGFOX1.3.2.0
2026-04-12 16:18:02,849 [WARN] PackLoader:240 - Cannot read IP mode file for STMicroelectronics.X-CUBE-FREERTOS.1.5.0
2026-04-12 16:18:02,880 [WARN] PackLoader:240 - Cannot read IP mode file for ITTIA_DB.I-CUBE-ITTIADB.8.9.0
2026-04-12 16:18:02,905 [WARN] PackLoader:240 - Cannot read IP mode file for STMicroelectronics.X-CUBE-NFC6.3.2.0
2026-04-12 16:18:02,918 [WARN] PackLoader:240 - Cannot read IP mode file for STMicroelectronics.X-CUBE-AI.10.2.0
2026-04-12 16:18:02,994 [WARN] PackLoader:240 - Cannot read IP mode file for SEGGER.I-CUBE-embOS.1.3.1
2026-04-12 16:18:03,034 [WARN] PackLoader:240 - Cannot read IP mode file for STMicroelectronics.X-CUBE-ALGOBUILD.1.4.0
2026-04-12 16:18:03,042 [WARN] PackLoader:240 - Cannot read IP mode file for STMicroelectronics.X-CUBE-PM33A1.1.0.0
2026-04-12 16:18:03,070 [WARN] PackLoader:240 - Cannot read IP mode file for STMicroelectronics.X-CUBE-AZRTOS-F4.1.1.0
2026-04-12 16:18:03,080 [WARN] PackLoader:240 - Cannot read IP mode file for STMicroelectronics.X-CUBE-ISPU.2.1.0
2026-04-12 16:18:03,094 [WARN] PackLoader:240 - Cannot read IP mode file for STMicroelectronics.X-CUBE-IPS.3.2.0
2026-04-12 16:18:03,102 [WARN] PackLoader:240 - Cannot read IP mode file for STMicroelectronics.eDS-WB_DPC_TT-BIDIR.2.1.1
2026-04-12 16:18:03,110 [WARN] PackLoader:240 - Cannot read IP mode file for STMicroelectronics.X-CUBE-NFC12.1.0.0
2026-04-12 16:18:03,138 [WARN] PackLoader:240 - Cannot read IP mode file for STMicroelectronics.X-CUBE-AZRTOS-L5.2.0.0
2026-04-12 16:18:03,145 [WARN] PackLoader:240 - Cannot read IP mode file for STMicroelectronics.eDS-WB_DPC_VIENNA.1.2.0
2026-04-12 16:18:03,149 [WARN] PackLoader:240 - Cannot read IP mode file for STMicroelectronics.eDS-WB_DPC_3PH2L-BIDIR.1.1.1
2026-04-12 16:18:03,156 [WARN] PackLoader:240 - Cannot read IP mode file for STMicroelectronics.X-CUBE-TOUCHGFX.4.26.0
2026-04-12 16:18:03,159 [WARN] PackLoader:240 - Cannot read IP mode file for STMicroelectronics.X-CUBE-TOUCHGFX.4.26.1
2026-04-12 16:18:03,167 [WARN] PackLoader:240 - Cannot read IP mode file for STMicroelectronics.FP-SNS-STAIOTCFT.1.0.0
2026-04-12 16:18:03,173 [WARN] PackLoader:240 - Cannot read IP mode file for STMicroelectronics.X-CUBE-DPower.1.3.0
2026-04-12 16:18:03,194 [WARN] ConditionMgr:438 - getConditionDescription Invalid condition id : LAN8742 Phy interface Condition cause : null
2026-04-12 16:18:03,196 [WARN] PackLoader:240 - Cannot read IP mode file for STMicroelectronics.X-CUBE-AZRTOS-L4.2.0.0
2026-04-12 16:18:03,199 [WARN] ConditionMgr:1044 - genDependencies : Invalid condition id : LAN8742 Phy interface Condition cause : null
2026-04-12 16:18:03,199 [WARN] ConditionMgr:1044 - genDependencies : Invalid condition id : LAN8742 Phy interface Condition cause : null
2026-04-12 16:18:03,200 [WARN] ConditionMgr:1044 - genDependencies : Invalid condition id : LAN8742 Phy interface Condition cause : null
2026-04-12 16:18:03,209 [WARN] PackLoader:240 - Cannot read IP mode file for STMicroelectronics.X-CUBE-SFXS2LP1.4.0.0
2026-04-12 16:18:03,218 [WARN] PackLoader:240 - Cannot read IP mode file for STMicroelectronics.X-CUBE-WB05N.2.1.0
2026-04-12 16:18:03,231 [WARN] PackLoader:240 - Cannot read IP mode file for STMicroelectronics.X-CUBE-ST67W61.1.2.0
2026-04-12 16:18:03,251 [WARN] PackLoader:240 - Cannot read IP mode file for STMicroelectronics.X-CUBE-BLEMGR.4.1.0
2026-04-12 16:18:03,269 [WARN] ConditionMgr:438 - getConditionDescription Invalid condition id : UX DEVICE CLASS RTOS Condition cause : null
2026-04-12 16:18:03,269 [WARN] ConditionMgr:438 - getConditionDescription Invalid condition id : UX DEVICE CLASS RTOS Condition cause : null
2026-04-12 16:18:03,273 [WARN] PackLoader:240 - Cannot read IP mode file for STMicroelectronics.X-CUBE-AZRTOS-WB.2.0.0
2026-04-12 16:18:03,274 [WARN] ConditionMgr:1044 - genDependencies : Invalid condition id : UX DEVICE CLASS RTOS Condition cause : null
2026-04-12 16:18:03,274 [WARN] ConditionMgr:1044 - genDependencies : Invalid condition id : UX DEVICE CLASS RTOS Condition cause : null
2026-04-12 16:18:03,275 [WARN] ConditionMgr:1044 - genDependencies : Invalid condition id : UX DEVICE CLASS RTOS Condition cause : null
2026-04-12 16:18:03,275 [WARN] ConditionMgr:1044 - genDependencies : Invalid condition id : UX DEVICE CLASS RTOS Condition cause : null
2026-04-12 16:18:03,275 [WARN] ConditionMgr:1044 - genDependencies : Invalid condition id : UX DEVICE CLASS RTOS Condition cause : null
2026-04-12 16:18:03,285 [WARN] ConditionMgr:438 - getConditionDescription Invalid condition id : Cortex-A Device cause : null
2026-04-12 16:18:03,319 [WARN] ConditionMgr:1044 - genDependencies : Invalid condition id : Cortex-A Device cause : null
2026-04-12 16:18:03,320 [WARN] ConditionMgr:1044 - genDependencies : Invalid condition id : Cortex-A Device cause : null
2026-04-12 16:18:03,320 [WARN] ConditionMgr:1044 - genDependencies : Invalid condition id : Cortex-A Device cause : null
2026-04-12 16:18:03,338 [WARN] PackLoader:240 - Cannot read IP mode file for STMicroelectronics.X-CUBE-STSE01.2.0.0
2026-04-12 16:18:03,357 [WARN] PackLoader:240 - Cannot read IP mode file for STMicroelectronics.X-CUBE-SUBG2.5.0.0
2026-04-12 16:18:03,384 [WARN] PackLoader:240 - Cannot read IP mode file for STMicroelectronics.X-CUBE-AZRTOS-G4.2.0.0
2026-04-12 16:18:03,390 [WARN] PackLoader:240 - Cannot read IP mode file for wolfSSL.I-CUBE-wolfSSH.1.4.20
2026-04-12 16:18:03,394 [WARN] PackLoader:240 - Cannot read IP mode file for STMicroelectronics.X-CUBE-NFC7.2.0.0
2026-04-12 16:18:03,397 [WARN] PackLoader:240 - Cannot read IP mode file for STMicroelectronics.X-CUBE-ALS.1.0.2
2026-04-12 16:18:03,410 [WARN] PackLoader:240 - Cannot read IP mode file for STMicroelectronics.X-CUBE-TOF1.3.4.3
2026-04-12 16:18:03,437 [INFO] ThirdParty:978 - Integrity check success = true
2026-04-12 16:18:03,437 [INFO] IntegrityCheckThread:100 - exiting critical section [integrity check]
2026-04-12 16:18:03,437 [INFO] IntegrityCheckThread:103 - End integrity checks thread
2026-04-12 16:18:05,405 [INFO] WebApp:169 - Instantiating new browser for Auth
2026-04-12 16:18:07,079 [INFO] WebApp:463 - Apply proxy settings
2026-04-12 16:18:07,094 [INFO] WebApp:508 - Chromium authenticates against Manually configured proxy
2026-04-12 16:18:07,107 [INFO] WebApp:516 - Username used for proxy authentication: 
2026-04-12 16:18:07,158 [INFO] WebApp:900 - Register for checkConnection events
2026-04-12 16:18:07,159 [INFO] WebApp:463 - Apply proxy settings
2026-04-12 16:18:07,163 [INFO] WebApp:508 - Chromium authenticates against Manually configured proxy
2026-04-12 16:18:07,164 [INFO] WebApp:516 - Username used for proxy authentication: 
2026-04-12 16:18:07,357 [INFO] WebApp:225 - Starting web application
2026-04-12 16:18:07,358 [INFO] WebApp:593 - Web application path used /Applications/STM32CubeIDE.app/Contents/Eclipse/plugins/com.st.stm32cube.common.mx_6.15.0.202507011659/db/plugins/mcufinder/reactClient1/index.html
2026-04-12 16:18:08,047 [INFO] WebApp:191 - Connection restablished
2026-04-12 16:37:30,978 [INFO] WebApp:194 - Connection lost
2026-04-12 16:37:34,793 [INFO] WebApp:191 - Connection restablished
2026-04-12 16:37:35,713 [INFO] WebApp:194 - Connection lost
2026-04-12 16:37:38,895 [INFO] WebApp:191 - Connection restablished
2026-04-12 16:40:37,127 [INFO] WebApp:194 - Connection lost
2026-04-12 16:40:38,049 [INFO] WebApp:191 - Connection restablished
