2026-03-04 18:11:55,124 [INFO] Activator:176 - 


2026-03-04 18:11:55,130 [INFO] Activator:177 - !SESSION log4j initialized
2026-03-04 18:11:59,837 [INFO] LogOutputStream:77 - [STDOUT_REDIRECT] 
2026-03-04 18:12:01,193 [ERROR] LogOutputStream:75 - [STDERR_REDIRECT] 
2026-03-04 18:12:08,144 [INFO] LogOutputStream:77 - [STDOUT_REDIRECT] 
2026-03-04 18:12:10,111 [INFO] ApplicationProperties:184 - Using Application install path: /Applications/STM32CubeIDE.app/Contents/Eclipse/plugins/com.st.stm32cube.common.mx_6.15.0.202507011659
2026-03-04 18:12:10,127 [INFO] DbMcusXml:78 - Set database path to: /Applications/STM32CubeIDE.app/Contents/Eclipse/plugins/com.st.stm32cube.common.mx_6.15.0.202507011659//db//mcu/
2026-03-04 18:12:10,127 [INFO] ApiDb:274 - Set plugin database path to: /Applications/STM32CubeIDE.app/Contents/Eclipse/plugins/com.st.stm32cube.common.mx_6.15.0.202507011659//db//plugins/boardmanager/
2026-03-04 18:12:10,128 [WARN] ApiDb:259 - Overriding images path with different value:  => /Applications/STM32CubeIDE.app/Contents/Eclipse/plugins/com.st.stm32cube.common.mx_6.15.0.202507011659//db//plugins/mcufinder/images/
2026-03-04 18:12:10,137 [INFO] ApiDb:250 - Set database path to: /Users/nilaNila/.stmcufinder/plugins/mcufinder//mcu/
2026-03-04 18:12:10,138 [INFO] DbMcusAds:125 - Set database path to: /Users/nilaNila/.stmcufinder/plugins/mcufinder//mcu/
2026-03-04 18:12:10,140 [INFO] CrossReferenceDbSqlite:203 - Set database path to: /Users/nilaNila/.stmcufinder/plugins/mcufinder//mcu/cs/
2026-03-04 18:12:10,304 [INFO] RulesReader:64 - Compatibility file has been processed (317 Rules)
2026-03-04 18:12:10,363 [INFO] DbMcusXml:78 - Set database path to: /Applications/STM32CubeIDE.app/Contents/Eclipse/plugins/com.st.stm32cube.common.mx_6.15.0.202507011659//db//mcu/
2026-03-04 18:12:10,364 [INFO] ApiDb:274 - Set plugin database path to: /Applications/STM32CubeIDE.app/Contents/Eclipse/plugins/com.st.stm32cube.common.mx_6.15.0.202507011659//db//plugins/boardmanager/
2026-03-04 18:12:10,364 [INFO] ApiDb:261 - Set plugin images path to: /Applications/STM32CubeIDE.app/Contents/Eclipse/plugins/com.st.stm32cube.common.mx_6.15.0.202507011659//db//plugins/mcufinder/images/
2026-03-04 18:12:10,364 [WARN] DbFile:41 - Overriding database path with different value: /Users/nilaNila/.stmcufinder/plugins/mcufinder/ => /Users/nilaNila/.stmcufinder/plugins/mcufinder
2026-03-04 18:12:10,364 [INFO] ApiDb:250 - Set database path to: /Users/nilaNila/.stmcufinder/plugins/mcufinder//mcu/
2026-03-04 18:12:10,364 [WARN] DbFile:41 - Overriding database path with different value: /Users/nilaNila/.stmcufinder/plugins/mcufinder/ => /Users/nilaNila/.stmcufinder/plugins/mcufinder
2026-03-04 18:12:10,365 [INFO] DbMcusAds:125 - Set database path to: /Users/nilaNila/.stmcufinder/plugins/mcufinder//mcu/
2026-03-04 18:12:10,365 [WARN] DbFile:41 - Overriding database path with different value: /Users/nilaNila/.stmcufinder/plugins/mcufinder/ => /Users/nilaNila/.stmcufinder/plugins/mcufinder
2026-03-04 18:12:10,365 [WARN] DbFile:41 - Overriding database path with different value: /Users/nilaNila/.stmcufinder/plugins/mcufinder/ => /Users/nilaNila/.stmcufinder/plugins/mcufinder
2026-03-04 18:12:10,365 [INFO] CrossReferenceDbSqlite:203 - Set database path to: /Users/nilaNila/.stmcufinder/plugins/mcufinder//mcu/cs/
2026-03-04 18:12:10,438 [INFO] MainPanel:274 - HeapMemory: 268435456
2026-03-04 18:12:11,096 [INFO] DbMcusXml:78 - Set database path to: /Applications/STM32CubeIDE.app/Contents/Eclipse/plugins/com.st.stm32cube.common.mx_6.15.0.202507011659//db//mcu/
2026-03-04 18:12:11,096 [INFO] ApiDb:274 - Set plugin database path to: /Applications/STM32CubeIDE.app/Contents/Eclipse/plugins/com.st.stm32cube.common.mx_6.15.0.202507011659//db//plugins/boardmanager/
2026-03-04 18:12:11,096 [INFO] ApiDb:261 - Set plugin images path to: /Applications/STM32CubeIDE.app/Contents/Eclipse/plugins/com.st.stm32cube.common.mx_6.15.0.202507011659//db//plugins/mcufinder/images/
2026-03-04 18:12:11,097 [WARN] DbFile:41 - Overriding database path with different value: /Users/nilaNila/.stmcufinder/plugins/mcufinder/ => /Users/nilaNila/.stmcufinder/plugins/mcufinder
2026-03-04 18:12:11,097 [INFO] ApiDb:250 - Set database path to: /Users/nilaNila/.stmcufinder/plugins/mcufinder//mcu/
2026-03-04 18:12:11,097 [WARN] DbFile:41 - Overriding database path with different value: /Users/nilaNila/.stmcufinder/plugins/mcufinder/ => /Users/nilaNila/.stmcufinder/plugins/mcufinder
2026-03-04 18:12:11,097 [INFO] DbMcusAds:125 - Set database path to: /Users/nilaNila/.stmcufinder/plugins/mcufinder//mcu/
2026-03-04 18:12:11,097 [WARN] DbFile:41 - Overriding database path with different value: /Users/nilaNila/.stmcufinder/plugins/mcufinder/ => /Users/nilaNila/.stmcufinder/plugins/mcufinder
2026-03-04 18:12:11,097 [WARN] DbFile:41 - Overriding database path with different value: /Users/nilaNila/.stmcufinder/plugins/mcufinder/ => /Users/nilaNila/.stmcufinder/plugins/mcufinder
2026-03-04 18:12:11,097 [INFO] CrossReferenceDbSqlite:203 - Set database path to: /Users/nilaNila/.stmcufinder/plugins/mcufinder//mcu/cs/
2026-03-04 18:12:11,114 [INFO] ApplicationProperties:184 - Using Application install path: /Applications/STM32CubeIDE.app/Contents/Eclipse/plugins/com.st.stm32cube.common.mx_6.15.0.202507011659
2026-03-04 18:12:11,115 [INFO] PluginManage:196 - Search for loadable plugins [exclusion list=, ]
2026-03-04 18:12:11,118 [INFO] PluginManage:310 - Check plugin analytics
2026-03-04 18:12:11,354 [INFO] AnalyticsPlugin:253 - Accepted Software Licenses: 
2026-03-04 18:12:11,355 [INFO] AnalyticsPlugin:255 - Accepted CMSIS Pack Licenses: 
2026-03-04 18:12:11,355 [INFO] AnalyticsPlugin:257 - Accepted Firmware Licenses: 
2026-03-04 18:12:11,360 [INFO] PluginManage:359 - Loaded plugin analytics (category:tool,tabindex:-1)
2026-03-04 18:12:11,363 [INFO] PluginManage:310 - Check plugin cadmodel
2026-03-04 18:12:11,378 [INFO] CADModel:105 - Init CAD model plugin
2026-03-04 18:12:11,378 [INFO] PluginManage:359 - Loaded plugin cadmodel (category:power,tabindex:5)
2026-03-04 18:12:11,379 [INFO] PluginManage:310 - Check plugin clock
2026-03-04 18:12:11,388 [INFO] PluginManage:359 - Loaded plugin clock (category:base,tabindex:2)
2026-03-04 18:12:11,389 [INFO] PluginManage:310 - Check plugin ddr
2026-03-04 18:12:11,391 [INFO] PluginManage:359 - Loaded plugin ddr (category:tool,tabindex:6)
2026-03-04 18:12:11,391 [INFO] PluginManage:310 - Check plugin filemanager
2026-03-04 18:12:11,566 [INFO] PluginManage:359 - Loaded plugin filemanager (category:base,tabindex:10)
2026-03-04 18:12:11,566 [INFO] PluginManage:310 - Check plugin ipmanager
2026-03-04 18:12:11,573 [INFO] PluginManage:359 - Loaded plugin ipmanager (category:base,tabindex:5)
2026-03-04 18:12:11,573 [INFO] PluginManage:310 - Check plugin lpbam
2026-03-04 18:12:11,584 [INFO] PluginManage:359 - Loaded plugin lpbam (category:base,tabindex:0)
2026-03-04 18:12:11,584 [INFO] PluginManage:310 - Check plugin memorymap
2026-03-04 18:12:11,594 [INFO] PluginManage:359 - Loaded plugin memorymap (category:base,tabindex:4)
2026-03-04 18:12:11,594 [INFO] PluginManage:310 - Check plugin pinoutandconfiguration
2026-03-04 18:12:11,603 [INFO] PluginManage:359 - Loaded plugin pinoutandconfiguration (category:base,tabindex:1)
2026-03-04 18:12:11,603 [INFO] PluginManage:310 - Check plugin pinoutconfig
2026-03-04 18:12:11,699 [WARN] SupportedApi:132 - Cannot load RTOS API schema: s4s-elt-must-match.1: The content of 'definitions' must match (annotation?, (simpleType | complexType)?, (unique | key | keyref)*)). A problem was found starting at: attribute.
2026-03-04 18:12:11,854 [INFO] PluginManage:359 - Loaded plugin pinoutconfig (category:base,tabindex:0)
2026-03-04 18:12:11,854 [INFO] PluginManage:310 - Check plugin power
2026-03-04 18:12:11,866 [INFO] PluginManage:359 - Loaded plugin power (category:power,tabindex:4)
2026-03-04 18:12:11,866 [INFO] PluginManage:310 - Check plugin projectmanager
2026-03-04 18:12:11,891 [INFO] PluginManage:359 - Loaded plugin projectmanager (category:projectmanager,tabindex:4)
2026-03-04 18:12:11,891 [INFO] PluginManage:310 - Check plugin rif
2026-03-04 18:12:11,900 [INFO] PluginManage:359 - Loaded plugin rif (category:base,tabindex:3)
2026-03-04 18:12:11,900 [INFO] PluginManage:310 - Check plugin thirdparty
2026-03-04 18:12:12,059 [INFO] PluginManage:359 - Loaded plugin thirdparty (category:base,tabindex:-1)
2026-03-04 18:12:12,059 [WARN] IntegrityCheckThread:84 - waiting for thirdparty lock release [integrity check]
2026-03-04 18:12:12,060 [INFO] PluginManage:310 - Check plugin tools
2026-03-04 18:12:12,060 [INFO] IntegrityCheckThread:86 - entering critical section [integrity check]
2026-03-04 18:12:12,061 [INFO] ThirdPartyUpdaterWithRetryManager:70 - Updater plugin not ready yet. [1/15]
2026-03-04 18:12:12,064 [INFO] PluginManage:359 - Loaded plugin tools (category:base,tabindex:7)
2026-03-04 18:12:12,064 [INFO] PluginManage:310 - Check plugin tutovideos
2026-03-04 18:12:12,250 [INFO] PluginManage:359 - Loaded plugin tutovideos (category:base,tabindex:-1)
2026-03-04 18:12:12,250 [INFO] PluginManage:310 - Check plugin updater
2026-03-04 18:12:12,284 [INFO] PluginManage:359 - Loaded plugin updater (category:base,tabindex:12)
2026-03-04 18:12:12,285 [INFO] PluginManage:310 - Check plugin userauth
2026-03-04 18:12:12,290 [INFO] UserAuth:118 - Init User Auth plugin
2026-03-04 18:12:12,291 [INFO] PluginManage:359 - Loaded plugin userauth (category:base,tabindex:14)
2026-03-04 18:12:12,293 [INFO] PluginManage:283 - PluginManage : Loaded plugins [18]
2026-03-04 18:12:12,540 [INFO] PinOutPanel:1589 - setPackage(No Configuration,No Configuration)
2026-03-04 18:12:12,616 [INFO] CADModel:165 - CPN selected for project level
2026-03-04 18:12:12,617 [INFO] CADModel:114 - Register for checkConnection events
2026-03-04 18:12:12,629 [INFO] IPUIPlugin:80 - create IPUIPlugin
2026-03-04 18:12:12,630 [INFO] PluginManager:220 - loadIPPluginJar : add mdma
2026-03-04 18:12:12,636 [INFO] IPUIPlugin:80 - create IPUIPlugin
2026-03-04 18:12:12,636 [INFO] PluginManager:220 - loadIPPluginJar : add freertos
2026-03-04 18:12:12,640 [INFO] IPUIPlugin:80 - create IPUIPlugin
2026-03-04 18:12:12,640 [INFO] PluginManager:220 - loadIPPluginJar : add gic
2026-03-04 18:12:12,648 [INFO] IPUIPlugin:80 - create IPUIPlugin
2026-03-04 18:12:12,649 [INFO] PluginManager:220 - loadIPPluginJar : add adc
2026-03-04 18:12:12,651 [INFO] IPUIPlugin:80 - create IPUIPlugin
2026-03-04 18:12:12,651 [INFO] PluginManager:220 - loadIPPluginJar : add gtzc
2026-03-04 18:12:12,652 [INFO] IPUIPlugin:80 - create IPUIPlugin
2026-03-04 18:12:12,652 [INFO] PluginManager:220 - loadIPPluginJar : add quadspi
2026-03-04 18:12:12,653 [INFO] IPUIPlugin:80 - create IPUIPlugin
2026-03-04 18:12:12,653 [INFO] PluginManager:220 - loadIPPluginJar : add aes
2026-03-04 18:12:12,655 [INFO] IPUIPlugin:80 - create IPUIPlugin
2026-03-04 18:12:12,655 [INFO] PluginManager:220 - loadIPPluginJar : add pdm2pcm
2026-03-04 18:12:12,656 [INFO] IPUIPlugin:80 - create IPUIPlugin
2026-03-04 18:12:12,656 [INFO] PluginManager:220 - loadIPPluginJar : add hash
2026-03-04 18:12:12,657 [INFO] IPUIPlugin:80 - create IPUIPlugin
2026-03-04 18:12:12,658 [INFO] PluginManager:220 - loadIPPluginJar : add tim
2026-03-04 18:12:12,659 [INFO] IPUIPlugin:80 - create IPUIPlugin
2026-03-04 18:12:12,659 [INFO] PluginManager:220 - loadIPPluginJar : add tsc
2026-03-04 18:12:12,661 [INFO] IPUIPlugin:80 - create IPUIPlugin
2026-03-04 18:12:12,661 [INFO] PluginManager:220 - loadIPPluginJar : add extmemmanager
2026-03-04 18:12:12,663 [INFO] IPUIPlugin:80 - create IPUIPlugin
2026-03-04 18:12:12,663 [INFO] PluginManager:220 - loadIPPluginJar : add ts
2026-03-04 18:12:12,664 [INFO] IPUIPlugin:80 - create IPUIPlugin
2026-03-04 18:12:12,664 [INFO] PluginManager:220 - loadIPPluginJar : add radio
2026-03-04 18:12:12,665 [INFO] IPUIPlugin:80 - create IPUIPlugin
2026-03-04 18:12:12,665 [INFO] PluginManager:220 - loadIPPluginJar : add can
2026-03-04 18:12:12,667 [INFO] IPUIPlugin:80 - create IPUIPlugin
2026-03-04 18:12:12,667 [INFO] PluginManager:220 - loadIPPluginJar : add dma3
2026-03-04 18:12:12,668 [INFO] IPUIPlugin:80 - create IPUIPlugin
2026-03-04 18:12:12,668 [INFO] PluginManager:220 - loadIPPluginJar : add dfsdm
2026-03-04 18:12:12,670 [INFO] IPUIPlugin:80 - create IPUIPlugin
2026-03-04 18:12:12,670 [INFO] PluginManager:220 - loadIPPluginJar : add spi
2026-03-04 18:12:12,671 [INFO] IPUIPlugin:80 - create IPUIPlugin
2026-03-04 18:12:12,671 [INFO] PluginManager:220 - loadIPPluginJar : add gfxmmu
2026-03-04 18:12:12,672 [INFO] IPUIPlugin:80 - create IPUIPlugin
2026-03-04 18:12:12,672 [INFO] PluginManager:220 - loadIPPluginJar : add genericplugin
2026-03-04 18:12:12,674 [INFO] IPUIPlugin:80 - create IPUIPlugin
2026-03-04 18:12:12,674 [INFO] PluginManager:220 - loadIPPluginJar : add cryp
2026-03-04 18:12:12,680 [INFO] IPUIPlugin:80 - create IPUIPlugin
2026-03-04 18:12:12,681 [INFO] PluginManager:220 - loadIPPluginJar : add gpio
2026-03-04 18:12:12,684 [INFO] IPUIPlugin:80 - create IPUIPlugin
2026-03-04 18:12:12,684 [INFO] PluginManager:220 - loadIPPluginJar : add ddr_ctrl_phy
2026-03-04 18:12:12,685 [INFO] IPUIPlugin:80 - create IPUIPlugin
2026-03-04 18:12:12,686 [INFO] PluginManager:220 - loadIPPluginJar : add comp
2026-03-04 18:12:12,688 [INFO] IPUIPlugin:80 - create IPUIPlugin
2026-03-04 18:12:12,689 [INFO] PluginManager:220 - loadIPPluginJar : add tracer_emb
2026-03-04 18:12:12,690 [INFO] IPUIPlugin:80 - create IPUIPlugin
2026-03-04 18:12:12,690 [INFO] PluginManager:220 - loadIPPluginJar : add openamp
2026-03-04 18:12:12,694 [INFO] IPUIPlugin:80 - create IPUIPlugin
2026-03-04 18:12:12,694 [INFO] PluginManager:220 - loadIPPluginJar : add stm32_wpan
2026-03-04 18:12:12,698 [INFO] IPUIPlugin:80 - create IPUIPlugin
2026-03-04 18:12:12,700 [INFO] PluginManager:220 - loadIPPluginJar : add plateformsettings
2026-03-04 18:12:12,703 [INFO] IPUIPlugin:80 - create IPUIPlugin
2026-03-04 18:12:12,703 [INFO] PluginManager:220 - loadIPPluginJar : add ipddr
2026-03-04 18:12:12,705 [INFO] IPUIPlugin:80 - create IPUIPlugin
2026-03-04 18:12:12,705 [INFO] PluginManager:220 - loadIPPluginJar : add usart
2026-03-04 18:12:12,705 [INFO] IPUIPlugin:80 - create IPUIPlugin
2026-03-04 18:12:12,705 [INFO] PluginManager:220 - loadIPPluginJar : add ltdc
2026-03-04 18:12:12,708 [INFO] IPUIPlugin:80 - create IPUIPlugin
2026-03-04 18:12:12,708 [INFO] PluginManager:220 - loadIPPluginJar : add nvic
2026-03-04 18:12:12,709 [INFO] IPUIPlugin:80 - create IPUIPlugin
2026-03-04 18:12:12,709 [INFO] PluginManager:220 - loadIPPluginJar : add fatfs
2026-03-04 18:12:12,713 [INFO] IPUIPlugin:80 - create IPUIPlugin
2026-03-04 18:12:12,714 [INFO] PluginManager:220 - loadIPPluginJar : add linkedlist
2026-03-04 18:12:12,718 [INFO] IPUIPlugin:80 - create IPUIPlugin
2026-03-04 18:12:12,718 [INFO] PluginManager:220 - loadIPPluginJar : add dma
2026-03-04 18:12:12,722 [INFO] IPUIPlugin:80 - create IPUIPlugin
2026-03-04 18:12:12,723 [INFO] PluginManager:220 - loadIPPluginJar : add fmc
2026-03-04 18:12:12,724 [INFO] IPUIPlugin:80 - create IPUIPlugin
2026-03-04 18:12:12,724 [INFO] PluginManager:220 - loadIPPluginJar : add i2s
2026-03-04 18:12:12,726 [INFO] IPUIPlugin:80 - create IPUIPlugin
2026-03-04 18:12:12,726 [INFO] PluginManager:220 - loadIPPluginJar : add ucpd
2026-03-04 18:12:12,728 [INFO] IPUIPlugin:80 - create IPUIPlugin
2026-03-04 18:12:12,728 [INFO] PluginManager:220 - loadIPPluginJar : add lorawan
2026-03-04 18:12:12,730 [INFO] IPUIPlugin:80 - create IPUIPlugin
2026-03-04 18:12:12,730 [INFO] PluginManager:220 - loadIPPluginJar : add opamp
2026-03-04 18:12:12,731 [INFO] IPUIPlugin:80 - create IPUIPlugin
2026-03-04 18:12:12,731 [INFO] PluginManager:220 - loadIPPluginJar : add i3c
2026-03-04 18:12:12,733 [INFO] IPUIPlugin:80 - create IPUIPlugin
2026-03-04 18:12:12,735 [INFO] PluginManager:220 - loadIPPluginJar : add touchsensing
2026-03-04 18:12:12,738 [INFO] IPUIPlugin:80 - create IPUIPlugin
2026-03-04 18:12:12,738 [INFO] PluginManager:220 - loadIPPluginJar : add i2c
2026-03-04 18:12:12,740 [INFO] IPUIPlugin:80 - create IPUIPlugin
2026-03-04 18:12:12,740 [INFO] PluginManager:220 - loadIPPluginJar : add resmgrutility
2026-03-04 18:12:12,742 [INFO] IPUIPlugin:80 - create IPUIPlugin
2026-03-04 18:12:12,742 [INFO] PluginManager:220 - loadIPPluginJar : add sai
2026-03-04 18:12:12,745 [INFO] IPUIPlugin:80 - create IPUIPlugin
2026-03-04 18:12:12,745 [INFO] PluginManager:220 - loadIPPluginJar : add usbx
2026-03-04 18:12:12,868 [FATAL] Updater:351 - Updater called before beeing initialized
2026-03-04 18:12:12,920 [INFO] RulesReader:64 - Compatibility file has been processed (317 Rules)
2026-03-04 18:12:12,932 [INFO] RulesReader:64 - Compatibility file has been processed (317 Rules)
2026-03-04 18:12:12,940 [INFO] CADModel:165 - CPN selected for project level
2026-03-04 18:12:12,940 [INFO] CADModel:114 - Register for checkConnection events
2026-03-04 18:12:12,940 [FATAL] Updater:351 - Updater called before beeing initialized
2026-03-04 18:12:12,940 [ERROR] CADModel:125 - Updater not yet initialized, retry later 
2026-03-04 18:12:13,188 [FATAL] Updater:351 - Updater called before beeing initialized
2026-03-04 18:12:13,190 [INFO] CADModel:165 - CPN selected for project level
2026-03-04 18:12:13,190 [INFO] CADModel:114 - Register for checkConnection events
2026-03-04 18:12:13,190 [FATAL] Updater:351 - Updater called before beeing initialized
2026-03-04 18:12:13,190 [ERROR] CADModel:125 - Updater not yet initialized, retry later 
2026-03-04 18:12:13,193 [FATAL] Updater:351 - Updater called before beeing initialized
2026-03-04 18:12:13,351 [FATAL] Updater:351 - Updater called before beeing initialized
2026-03-04 18:12:13,356 [INFO] DbMcusAds:53 - JSON generation date=Wed Feb 18 20:02:49 IST 2026 (1771425169665)
2026-03-04 18:12:13,357 [FATAL] Updater:351 - Updater called before beeing initialized
2026-03-04 18:12:13,420 [WARN] DetailPanel:346 - Failed to get advertising image, set to default
2026-03-04 18:12:13,500 [FATAL] Updater:351 - Updater called before beeing initialized
2026-03-04 18:12:13,503 [FATAL] Updater:351 - Updater called before beeing initialized
2026-03-04 18:12:13,504 [FATAL] Updater:351 - Updater called before beeing initialized
2026-03-04 18:12:13,504 [WARN] DetailPanel:346 - Failed to get advertising image, set to default
2026-03-04 18:12:13,506 [FATAL] Updater:351 - Updater called before beeing initialized
2026-03-04 18:12:13,586 [ERROR] Updater:1198 - MainUpdater not yet initialized. External WinMGr cannot be set.
2026-03-04 18:12:13,590 [INFO] Updater:1134 - Updater Version found : 6.15.0
2026-03-04 18:12:13,606 [INFO] ApplicationProperties:184 - Using Application install path: /Applications/STM32CubeIDE.app/Contents/Eclipse/plugins/com.st.stm32cube.common.mx_6.15.0.202507011659
2026-03-04 18:12:13,925 [INFO] MainUpdater:2872 - connection check result : 10
2026-03-04 18:12:13,926 [INFO] MainUpdater:289 - Updater Check For Update Now.
2026-03-04 18:12:13,926 [INFO] MicroXplorer:498 - Change Database Version : DB.6.0.150
2026-03-04 18:12:13,935 [INFO] McuFinderGlobals:63 - Set McuFinder mode to 2 (CubeIDE integrated)
2026-03-04 18:12:13,936 [INFO] UserAuth:171 - activating auth plugin
2026-03-04 18:12:13,952 [INFO] UserAuth:487 - Internet connection configuration mode: 1
2026-03-04 18:12:13,969 [INFO] JxBrowserEngine:152 - Initiate JxBrowser Engine with user profile folder
2026-03-04 18:12:14,207 [INFO] CheckServerUpdateThread:120 - End of CheckServer Thread
2026-03-04 18:12:15,356 [WARN] PackLoader:240 - Cannot read IP mode file for STMicroelectronics.FP-SNS-MOTENVWB1.1.4.0
2026-03-04 18:12:15,378 [WARN] PackLoader:240 - Cannot read IP mode file for STMicroelectronics.FP-ATR-ASTRA1.2.0.2
2026-03-04 18:12:15,395 [WARN] PackLoader:240 - Cannot read IP mode file for STMicroelectronics.X-CUBE-SMBUS.2.1.0
2026-03-04 18:12:15,430 [WARN] PackLoader:240 - Cannot read IP mode file for STMicroelectronics.X-CUBE-AZRTOS-F7.1.1.0
2026-03-04 18:12:15,454 [WARN] PackLoader:240 - Cannot read IP mode file for STMicroelectronics.FP-SNS-MOTENV1.5.1.0
2026-03-04 18:12:15,473 [WARN] PackLoader:240 - Cannot read IP mode file for WES.I-CUBE-Cesium.1.4.0
2026-03-04 18:12:15,533 [WARN] PackLoader:240 - Cannot read IP mode file for STMicroelectronics.X-CUBE-AZRTOS-H7.3.4.0
2026-03-04 18:12:15,567 [WARN] PackLoader:240 - Cannot read IP mode file for STMicroelectronics.X-CUBE-DISPLAY.3.0.0
2026-03-04 18:12:15,587 [WARN] PackLoader:240 - Cannot read IP mode file for STMicroelectronics.FP-SNS-MOTENVWB1.1.5.0
2026-03-04 18:12:15,600 [WARN] PackLoader:240 - Cannot read IP mode file for STMicroelectronics.X-CUBE-NFC10.1.0.0
2026-03-04 18:12:15,611 [WARN] PackLoader:240 - Cannot read IP mode file for STMicroelectronics.X-CUBE-ST60.1.1.0
2026-03-04 18:12:15,627 [WARN] PackLoader:240 - Cannot read IP mode file for emotas.I-CUBE-CANOPEN.1.3.0
2026-03-04 18:12:15,643 [WARN] PackLoader:240 - Cannot read IP mode file for STMicroelectronics.X-CUBE-GNSS1.7.1.0
2026-03-04 18:12:15,667 [WARN] PackLoader:240 - Cannot read IP mode file for STMicroelectronics.FP-SNS-STBOX1.2.1.0
2026-03-04 18:12:15,680 [WARN] PackLoader:240 - Cannot read IP mode file for STMicroelectronics.FP-SNS-SMARTAG2.1.2.0
2026-03-04 18:12:15,684 [WARN] PackLoader:240 - Cannot read IP mode file for STMicroelectronics.FP-SNS-FLIGHT1.5.1.0
2026-03-04 18:12:15,693 [INFO] LogOutputStream:77 - [STDOUT_REDIRECT] 1 : Invalid condition id : UX_CORESTACK_Condition cause : null
2026-03-04 18:12:15,694 [INFO] LogOutputStream:77 - [STDOUT_REDIRECT] 1 : Invalid condition id : UX_CORESTACK_Condition cause : null
2026-03-04 18:12:15,694 [INFO] LogOutputStream:77 - [STDOUT_REDIRECT] 1 : Invalid condition id : UX_CORESTACK_Condition cause : null
2026-03-04 18:12:15,694 [INFO] LogOutputStream:77 - [STDOUT_REDIRECT] 1 : Invalid condition id : UX_CORESTACK_Condition cause : null
2026-03-04 18:12:15,695 [INFO] LogOutputStream:77 - [STDOUT_REDIRECT] 1 : Invalid condition id : UX_CORESTACK_Condition cause : null
2026-03-04 18:12:15,706 [WARN] PackLoader:240 - Cannot read IP mode file for STMicroelectronics.X-CUBE-AZRTOS-WL.2.0.0
2026-03-04 18:12:15,751 [WARN] PackLoader:240 - Cannot read IP mode file for STMicroelectronics.X-CUBE-AZRTOS-H7RS.1.2.0
2026-03-04 18:12:15,778 [WARN] PackLoader:240 - Cannot read IP mode file for STMicroelectronics.X-CUBE-BLE2.3.3.0
2026-03-04 18:12:15,889 [WARN] PackLoader:240 - Cannot read IP mode file for Infineon.AIROC-Wi-Fi-Bluetooth-STM32.1.8.0
2026-03-04 18:12:15,930 [WARN] PackLoader:240 - Cannot read IP mode file for STMicroelectronics.X-CUBE-NFC9.1.0.0
2026-03-04 18:12:15,949 [WARN] PackLoader:240 - Cannot read IP mode file for STMicroelectronics.X-CUBE-BLE1.7.1.0
2026-03-04 18:12:15,956 [WARN] PackLoader:240 - Cannot read IP mode file for wolfSSL.I-CUBE-wolfMQTT.1.19.2
2026-03-04 18:12:15,969 [WARN] PackLoader:240 - Cannot read IP mode file for STMicroelectronics.X-CUBE-FREERTOS.1.4.0
2026-03-04 18:12:15,978 [WARN] PackLoader:240 - Cannot read IP mode file for STMicroelectronics.X-CUBE-EEPRMA1.5.2.0
2026-03-04 18:12:15,992 [WARN] PackLoader:240 - Cannot read IP mode file for wolfSSL.I-CUBE-wolfSSL.5.8.4
2026-03-04 18:12:15,999 [WARN] PackLoader:240 - Cannot read IP mode file for Cesanta.I-CUBE-Mongoose.7.20.0
2026-03-04 18:12:16,094 [WARN] PackLoader:240 - Cannot read IP mode file for STMicroelectronics.X-CUBE-MEMS1.12.0.0
2026-03-04 18:12:16,216 [WARN] PackLoader:240 - Cannot read IP mode file for STMicroelectronics.X-CUBE-AZRTOS-G0.1.1.0
2026-03-04 18:12:16,226 [WARN] PackLoader:240 - Cannot read IP mode file for STMicroelectronics.X-CUBE-NFC4.3.0.0
2026-03-04 18:12:16,238 [WARN] PackLoader:240 - Cannot read IP mode file for EmbeddedOffice.I-CUBE-FS-RTOS.1.0.1
2026-03-04 18:12:16,245 [WARN] PackLoader:240 - Cannot read IP mode file for STMicroelectronics.X-CUBE-WB05N.2.0.0
2026-03-04 18:12:16,254 [WARN] PackLoader:240 - Cannot read IP mode file for wolfSSL.I-CUBE-wolfTPM.3.8.0
2026-03-04 18:12:16,260 [WARN] PackLoader:240 - Cannot read IP mode file for STMicroelectronics.X-CUBE-TCPP.4.2.0
2026-03-04 18:12:16,265 [WARN] PackLoader:240 - Cannot read IP mode file for RealThread.X-CUBE-RT-Thread_Nano.4.1.1
2026-03-04 18:12:16,269 [WARN] PackLoader:240 - Cannot read IP mode file for STMicroelectronics.FP-ATR-SIGFOX1.3.2.0
2026-03-04 18:12:16,276 [WARN] PackLoader:240 - Cannot read IP mode file for ITTIA_DB.I-CUBE-ITTIADB.8.9.0
2026-03-04 18:12:16,293 [WARN] PackLoader:240 - Cannot read IP mode file for STMicroelectronics.X-CUBE-NFC6.3.2.0
2026-03-04 18:12:16,311 [WARN] PackLoader:240 - Cannot read IP mode file for STMicroelectronics.X-CUBE-AI.10.2.0
2026-03-04 18:12:16,525 [WARN] PackLoader:240 - Cannot read IP mode file for SEGGER.I-CUBE-embOS.1.3.1
2026-03-04 18:12:16,753 [WARN] PackLoader:240 - Cannot read IP mode file for STMicroelectronics.X-CUBE-ALGOBUILD.1.4.0
2026-03-04 18:12:16,783 [WARN] PackLoader:240 - Cannot read IP mode file for STMicroelectronics.X-CUBE-PM33A1.1.0.0
2026-03-04 18:12:16,809 [WARN] PackLoader:240 - Cannot read IP mode file for STMicroelectronics.X-CUBE-AZRTOS-F4.1.1.0
2026-03-04 18:12:16,819 [WARN] PackLoader:240 - Cannot read IP mode file for STMicroelectronics.X-CUBE-ISPU.2.1.0
2026-03-04 18:12:16,836 [WARN] PackLoader:240 - Cannot read IP mode file for STMicroelectronics.X-CUBE-IPS.3.2.0
2026-03-04 18:12:16,855 [WARN] PackLoader:240 - Cannot read IP mode file for STMicroelectronics.X-CUBE-NFC12.1.0.0
2026-03-04 18:12:16,882 [WARN] PackLoader:240 - Cannot read IP mode file for STMicroelectronics.X-CUBE-AZRTOS-L5.2.0.0
2026-03-04 18:12:16,908 [WARN] PackLoader:240 - Cannot read IP mode file for STMicroelectronics.X-CUBE-TOUCHGFX.4.26.0
2026-03-04 18:12:16,916 [WARN] PackLoader:240 - Cannot read IP mode file for STMicroelectronics.FP-SNS-STAIOTCFT.1.0.0
2026-03-04 18:12:16,925 [WARN] PackLoader:240 - Cannot read IP mode file for STMicroelectronics.X-CUBE-DPower.1.3.0
2026-03-04 18:12:16,947 [WARN] ConditionMgr:438 - getConditionDescription Invalid condition id : LAN8742 Phy interface Condition cause : null
2026-03-04 18:12:16,952 [WARN] PackLoader:240 - Cannot read IP mode file for STMicroelectronics.X-CUBE-AZRTOS-L4.2.0.0
2026-03-04 18:12:16,960 [WARN] ConditionMgr:1044 - genDependencies : Invalid condition id : LAN8742 Phy interface Condition cause : null
2026-03-04 18:12:16,962 [WARN] ConditionMgr:1044 - genDependencies : Invalid condition id : LAN8742 Phy interface Condition cause : null
2026-03-04 18:12:16,963 [WARN] ConditionMgr:1044 - genDependencies : Invalid condition id : LAN8742 Phy interface Condition cause : null
2026-03-04 18:12:16,975 [WARN] PackLoader:240 - Cannot read IP mode file for STMicroelectronics.X-CUBE-SFXS2LP1.4.0.0
2026-03-04 18:12:16,988 [WARN] PackLoader:240 - Cannot read IP mode file for STMicroelectronics.X-CUBE-ST67W61.1.2.0
2026-03-04 18:12:17,007 [WARN] PackLoader:240 - Cannot read IP mode file for STMicroelectronics.X-CUBE-BLEMGR.4.1.0
2026-03-04 18:12:17,031 [WARN] ConditionMgr:438 - getConditionDescription Invalid condition id : UX DEVICE CLASS RTOS Condition cause : null
2026-03-04 18:12:17,032 [WARN] ConditionMgr:438 - getConditionDescription Invalid condition id : UX DEVICE CLASS RTOS Condition cause : null
2026-03-04 18:12:17,035 [WARN] PackLoader:240 - Cannot read IP mode file for STMicroelectronics.X-CUBE-AZRTOS-WB.2.0.0
2026-03-04 18:12:17,037 [WARN] ConditionMgr:1044 - genDependencies : Invalid condition id : UX DEVICE CLASS RTOS Condition cause : null
2026-03-04 18:12:17,037 [WARN] ConditionMgr:1044 - genDependencies : Invalid condition id : UX DEVICE CLASS RTOS Condition cause : null
2026-03-04 18:12:17,037 [WARN] ConditionMgr:1044 - genDependencies : Invalid condition id : UX DEVICE CLASS RTOS Condition cause : null
2026-03-04 18:12:17,038 [WARN] ConditionMgr:1044 - genDependencies : Invalid condition id : UX DEVICE CLASS RTOS Condition cause : null
2026-03-04 18:12:17,038 [WARN] ConditionMgr:1044 - genDependencies : Invalid condition id : UX DEVICE CLASS RTOS Condition cause : null
2026-03-04 18:12:17,043 [WARN] ConditionMgr:438 - getConditionDescription Invalid condition id : Cortex-A Device cause : null
2026-03-04 18:12:17,068 [WARN] ConditionMgr:1044 - genDependencies : Invalid condition id : Cortex-A Device cause : null
2026-03-04 18:12:17,068 [WARN] ConditionMgr:1044 - genDependencies : Invalid condition id : Cortex-A Device cause : null
2026-03-04 18:12:17,068 [WARN] ConditionMgr:1044 - genDependencies : Invalid condition id : Cortex-A Device cause : null
2026-03-04 18:12:17,082 [WARN] PackLoader:240 - Cannot read IP mode file for STMicroelectronics.X-CUBE-STSE01.2.0.0
2026-03-04 18:12:17,099 [WARN] PackLoader:240 - Cannot read IP mode file for STMicroelectronics.X-CUBE-SUBG2.5.0.0
2026-03-04 18:12:17,128 [WARN] PackLoader:240 - Cannot read IP mode file for STMicroelectronics.X-CUBE-AZRTOS-G4.2.0.0
2026-03-04 18:12:17,151 [WARN] PackLoader:240 - Cannot read IP mode file for wolfSSL.I-CUBE-wolfSSH.1.4.20
2026-03-04 18:12:17,156 [WARN] PackLoader:240 - Cannot read IP mode file for STMicroelectronics.X-CUBE-NFC7.2.0.0
2026-03-04 18:12:17,160 [WARN] PackLoader:240 - Cannot read IP mode file for STMicroelectronics.X-CUBE-ALS.1.0.2
2026-03-04 18:12:17,172 [WARN] PackLoader:240 - Cannot read IP mode file for STMicroelectronics.X-CUBE-TOF1.3.4.3
2026-03-04 18:12:17,202 [INFO] ThirdParty:978 - Integrity check success = true
2026-03-04 18:12:17,202 [INFO] IntegrityCheckThread:100 - exiting critical section [integrity check]
2026-03-04 18:12:17,202 [INFO] IntegrityCheckThread:103 - End integrity checks thread
2026-03-04 18:12:19,133 [INFO] WebApp:169 - Instantiating new browser for Auth
2026-03-04 18:12:20,789 [INFO] WebApp:463 - Apply proxy settings
2026-03-04 18:12:20,807 [INFO] WebApp:508 - Chromium authenticates against Manually configured proxy
2026-03-04 18:12:20,824 [INFO] WebApp:516 - Username used for proxy authentication: 
2026-03-04 18:12:20,876 [INFO] WebApp:900 - Register for checkConnection events
2026-03-04 18:12:20,877 [INFO] WebApp:463 - Apply proxy settings
2026-03-04 18:12:20,882 [INFO] WebApp:508 - Chromium authenticates against Manually configured proxy
2026-03-04 18:12:20,883 [INFO] WebApp:516 - Username used for proxy authentication: 
2026-03-04 18:12:21,085 [INFO] WebApp:225 - Starting web application
2026-03-04 18:12:21,085 [INFO] WebApp:593 - Web application path used /Applications/STM32CubeIDE.app/Contents/Eclipse/plugins/com.st.stm32cube.common.mx_6.15.0.202507011659/db/plugins/mcufinder/reactClient1/index.html
2026-03-04 18:12:21,820 [INFO] WebApp:191 - Connection restablished
