2026-04-27 22:16:19,855 [INFO] Activator:176 - 


2026-04-27 22:16:19,861 [INFO] Activator:177 - !SESSION log4j initialized
2026-04-27 22:16:30,435 [INFO] LogOutputStream:77 - [STDOUT_REDIRECT] 
2026-04-27 22:16:30,769 [ERROR] LogOutputStream:75 - [STDERR_REDIRECT] 
2026-04-27 22:16:32,732 [INFO] LogOutputStream:77 - [STDOUT_REDIRECT] 
2026-04-27 22:16:34,723 [INFO] ApplicationProperties:184 - Using Application install path: /Applications/STM32CubeIDE.app/Contents/Eclipse/plugins/com.st.stm32cube.common.mx_6.15.0.202507011659
2026-04-27 22:16:34,738 [INFO] DbMcusXml:78 - Set database path to: /Applications/STM32CubeIDE.app/Contents/Eclipse/plugins/com.st.stm32cube.common.mx_6.15.0.202507011659//db//mcu/
2026-04-27 22:16:34,738 [INFO] ApiDb:274 - Set plugin database path to: /Applications/STM32CubeIDE.app/Contents/Eclipse/plugins/com.st.stm32cube.common.mx_6.15.0.202507011659//db//plugins/boardmanager/
2026-04-27 22:16:34,739 [WARN] ApiDb:259 - Overriding images path with different value:  => /Applications/STM32CubeIDE.app/Contents/Eclipse/plugins/com.st.stm32cube.common.mx_6.15.0.202507011659//db//plugins/mcufinder/images/
2026-04-27 22:16:34,745 [INFO] ApiDb:250 - Set database path to: /Users/nilaNila/.stmcufinder/plugins/mcufinder//mcu/
2026-04-27 22:16:34,747 [INFO] DbMcusAds:125 - Set database path to: /Users/nilaNila/.stmcufinder/plugins/mcufinder//mcu/
2026-04-27 22:16:34,748 [INFO] CrossReferenceDbSqlite:203 - Set database path to: /Users/nilaNila/.stmcufinder/plugins/mcufinder//mcu/cs/
2026-04-27 22:16:34,917 [INFO] RulesReader:64 - Compatibility file has been processed (317 Rules)
2026-04-27 22:16:34,971 [INFO] DbMcusXml:78 - Set database path to: /Applications/STM32CubeIDE.app/Contents/Eclipse/plugins/com.st.stm32cube.common.mx_6.15.0.202507011659//db//mcu/
2026-04-27 22:16:34,971 [INFO] ApiDb:274 - Set plugin database path to: /Applications/STM32CubeIDE.app/Contents/Eclipse/plugins/com.st.stm32cube.common.mx_6.15.0.202507011659//db//plugins/boardmanager/
2026-04-27 22:16:34,971 [INFO] ApiDb:261 - Set plugin images path to: /Applications/STM32CubeIDE.app/Contents/Eclipse/plugins/com.st.stm32cube.common.mx_6.15.0.202507011659//db//plugins/mcufinder/images/
2026-04-27 22:16:34,972 [WARN] DbFile:41 - Overriding database path with different value: /Users/nilaNila/.stmcufinder/plugins/mcufinder/ => /Users/nilaNila/.stmcufinder/plugins/mcufinder
2026-04-27 22:16:34,972 [INFO] ApiDb:250 - Set database path to: /Users/nilaNila/.stmcufinder/plugins/mcufinder//mcu/
2026-04-27 22:16:34,972 [WARN] DbFile:41 - Overriding database path with different value: /Users/nilaNila/.stmcufinder/plugins/mcufinder/ => /Users/nilaNila/.stmcufinder/plugins/mcufinder
2026-04-27 22:16:34,972 [INFO] DbMcusAds:125 - Set database path to: /Users/nilaNila/.stmcufinder/plugins/mcufinder//mcu/
2026-04-27 22:16:34,973 [WARN] DbFile:41 - Overriding database path with different value: /Users/nilaNila/.stmcufinder/plugins/mcufinder/ => /Users/nilaNila/.stmcufinder/plugins/mcufinder
2026-04-27 22:16:34,973 [WARN] DbFile:41 - Overriding database path with different value: /Users/nilaNila/.stmcufinder/plugins/mcufinder/ => /Users/nilaNila/.stmcufinder/plugins/mcufinder
2026-04-27 22:16:34,973 [INFO] CrossReferenceDbSqlite:203 - Set database path to: /Users/nilaNila/.stmcufinder/plugins/mcufinder//mcu/cs/
2026-04-27 22:16:35,052 [INFO] MainPanel:274 - HeapMemory: 268435456
2026-04-27 22:16:35,740 [INFO] DbMcusXml:78 - Set database path to: /Applications/STM32CubeIDE.app/Contents/Eclipse/plugins/com.st.stm32cube.common.mx_6.15.0.202507011659//db//mcu/
2026-04-27 22:16:35,741 [INFO] ApiDb:274 - Set plugin database path to: /Applications/STM32CubeIDE.app/Contents/Eclipse/plugins/com.st.stm32cube.common.mx_6.15.0.202507011659//db//plugins/boardmanager/
2026-04-27 22:16:35,741 [INFO] ApiDb:261 - Set plugin images path to: /Applications/STM32CubeIDE.app/Contents/Eclipse/plugins/com.st.stm32cube.common.mx_6.15.0.202507011659//db//plugins/mcufinder/images/
2026-04-27 22:16:35,741 [WARN] DbFile:41 - Overriding database path with different value: /Users/nilaNila/.stmcufinder/plugins/mcufinder/ => /Users/nilaNila/.stmcufinder/plugins/mcufinder
2026-04-27 22:16:35,741 [INFO] ApiDb:250 - Set database path to: /Users/nilaNila/.stmcufinder/plugins/mcufinder//mcu/
2026-04-27 22:16:35,741 [WARN] DbFile:41 - Overriding database path with different value: /Users/nilaNila/.stmcufinder/plugins/mcufinder/ => /Users/nilaNila/.stmcufinder/plugins/mcufinder
2026-04-27 22:16:35,741 [INFO] DbMcusAds:125 - Set database path to: /Users/nilaNila/.stmcufinder/plugins/mcufinder//mcu/
2026-04-27 22:16:35,741 [WARN] DbFile:41 - Overriding database path with different value: /Users/nilaNila/.stmcufinder/plugins/mcufinder/ => /Users/nilaNila/.stmcufinder/plugins/mcufinder
2026-04-27 22:16:35,742 [WARN] DbFile:41 - Overriding database path with different value: /Users/nilaNila/.stmcufinder/plugins/mcufinder/ => /Users/nilaNila/.stmcufinder/plugins/mcufinder
2026-04-27 22:16:35,742 [INFO] CrossReferenceDbSqlite:203 - Set database path to: /Users/nilaNila/.stmcufinder/plugins/mcufinder//mcu/cs/
2026-04-27 22:16:35,761 [INFO] ApplicationProperties:184 - Using Application install path: /Applications/STM32CubeIDE.app/Contents/Eclipse/plugins/com.st.stm32cube.common.mx_6.15.0.202507011659
2026-04-27 22:16:35,762 [INFO] PluginManage:196 - Search for loadable plugins [exclusion list=, ]
2026-04-27 22:16:35,763 [INFO] PluginManage:310 - Check plugin analytics
2026-04-27 22:16:41,058 [INFO] AnalyticsPlugin:253 - Accepted Software Licenses: 
2026-04-27 22:16:41,059 [INFO] AnalyticsPlugin:255 - Accepted CMSIS Pack Licenses: 
2026-04-27 22:16:41,059 [INFO] AnalyticsPlugin:257 - Accepted Firmware Licenses: 
2026-04-27 22:16:41,066 [INFO] PluginManage:359 - Loaded plugin analytics (category:tool,tabindex:-1)
2026-04-27 22:16:41,069 [INFO] PluginManage:310 - Check plugin cadmodel
2026-04-27 22:16:41,084 [INFO] CADModel:105 - Init CAD model plugin
2026-04-27 22:16:41,084 [INFO] PluginManage:359 - Loaded plugin cadmodel (category:power,tabindex:5)
2026-04-27 22:16:41,084 [INFO] PluginManage:310 - Check plugin clock
2026-04-27 22:16:41,100 [INFO] PluginManage:359 - Loaded plugin clock (category:base,tabindex:2)
2026-04-27 22:16:41,101 [INFO] PluginManage:310 - Check plugin ddr
2026-04-27 22:16:41,103 [INFO] PluginManage:359 - Loaded plugin ddr (category:tool,tabindex:6)
2026-04-27 22:16:41,103 [INFO] PluginManage:310 - Check plugin filemanager
2026-04-27 22:16:41,279 [INFO] PluginManage:359 - Loaded plugin filemanager (category:base,tabindex:10)
2026-04-27 22:16:41,279 [INFO] PluginManage:310 - Check plugin ipmanager
2026-04-27 22:16:41,287 [INFO] PluginManage:359 - Loaded plugin ipmanager (category:base,tabindex:5)
2026-04-27 22:16:41,288 [INFO] PluginManage:310 - Check plugin lpbam
2026-04-27 22:16:41,296 [INFO] PluginManage:359 - Loaded plugin lpbam (category:base,tabindex:0)
2026-04-27 22:16:41,296 [INFO] PluginManage:310 - Check plugin memorymap
2026-04-27 22:16:41,308 [INFO] PluginManage:359 - Loaded plugin memorymap (category:base,tabindex:4)
2026-04-27 22:16:41,308 [INFO] PluginManage:310 - Check plugin pinoutandconfiguration
2026-04-27 22:16:41,318 [INFO] PluginManage:359 - Loaded plugin pinoutandconfiguration (category:base,tabindex:1)
2026-04-27 22:16:41,318 [INFO] PluginManage:310 - Check plugin pinoutconfig
2026-04-27 22:16:41,415 [WARN] SupportedApi:132 - Cannot load RTOS API schema: s4s-elt-must-match.1: The content of 'definitions' must match (annotation?, (simpleType | complexType)?, (unique | key | keyref)*)). A problem was found starting at: attribute.
2026-04-27 22:16:41,565 [INFO] PluginManage:359 - Loaded plugin pinoutconfig (category:base,tabindex:0)
2026-04-27 22:16:41,565 [INFO] PluginManage:310 - Check plugin power
2026-04-27 22:16:41,577 [INFO] PluginManage:359 - Loaded plugin power (category:power,tabindex:4)
2026-04-27 22:16:41,577 [INFO] PluginManage:310 - Check plugin projectmanager
2026-04-27 22:16:41,602 [INFO] PluginManage:359 - Loaded plugin projectmanager (category:projectmanager,tabindex:4)
2026-04-27 22:16:41,603 [INFO] PluginManage:310 - Check plugin rif
2026-04-27 22:16:41,613 [INFO] PluginManage:359 - Loaded plugin rif (category:base,tabindex:3)
2026-04-27 22:16:41,613 [INFO] PluginManage:310 - Check plugin thirdparty
2026-04-27 22:16:41,782 [INFO] PluginManage:359 - Loaded plugin thirdparty (category:base,tabindex:-1)
2026-04-27 22:16:41,783 [INFO] PluginManage:310 - Check plugin tools
2026-04-27 22:16:41,782 [WARN] IntegrityCheckThread:84 - waiting for thirdparty lock release [integrity check]
2026-04-27 22:16:41,785 [INFO] IntegrityCheckThread:86 - entering critical section [integrity check]
2026-04-27 22:16:41,786 [INFO] ThirdPartyUpdaterWithRetryManager:70 - Updater plugin not ready yet. [1/15]
2026-04-27 22:16:41,788 [INFO] PluginManage:359 - Loaded plugin tools (category:base,tabindex:7)
2026-04-27 22:16:41,789 [INFO] PluginManage:310 - Check plugin tutovideos
2026-04-27 22:16:41,979 [INFO] PluginManage:359 - Loaded plugin tutovideos (category:base,tabindex:-1)
2026-04-27 22:16:41,980 [INFO] PluginManage:310 - Check plugin updater
2026-04-27 22:16:42,012 [INFO] PluginManage:359 - Loaded plugin updater (category:base,tabindex:12)
2026-04-27 22:16:42,013 [INFO] PluginManage:310 - Check plugin userauth
2026-04-27 22:16:42,018 [INFO] UserAuth:118 - Init User Auth plugin
2026-04-27 22:16:42,018 [INFO] PluginManage:359 - Loaded plugin userauth (category:base,tabindex:14)
2026-04-27 22:16:42,019 [INFO] PluginManage:283 - PluginManage : Loaded plugins [18]
2026-04-27 22:16:42,264 [INFO] PinOutPanel:1589 - setPackage(No Configuration,No Configuration)
2026-04-27 22:16:42,348 [INFO] CADModel:165 - CPN selected for project level
2026-04-27 22:16:42,348 [INFO] CADModel:114 - Register for checkConnection events
2026-04-27 22:16:42,360 [INFO] IPUIPlugin:80 - create IPUIPlugin
2026-04-27 22:16:42,360 [INFO] PluginManager:220 - loadIPPluginJar : add mdma
2026-04-27 22:16:42,368 [INFO] IPUIPlugin:80 - create IPUIPlugin
2026-04-27 22:16:42,368 [INFO] PluginManager:220 - loadIPPluginJar : add freertos
2026-04-27 22:16:42,372 [INFO] IPUIPlugin:80 - create IPUIPlugin
2026-04-27 22:16:42,372 [INFO] PluginManager:220 - loadIPPluginJar : add gic
2026-04-27 22:16:42,379 [INFO] IPUIPlugin:80 - create IPUIPlugin
2026-04-27 22:16:42,379 [INFO] PluginManager:220 - loadIPPluginJar : add adc
2026-04-27 22:16:42,381 [INFO] IPUIPlugin:80 - create IPUIPlugin
2026-04-27 22:16:42,381 [INFO] PluginManager:220 - loadIPPluginJar : add gtzc
2026-04-27 22:16:42,382 [INFO] IPUIPlugin:80 - create IPUIPlugin
2026-04-27 22:16:42,382 [INFO] PluginManager:220 - loadIPPluginJar : add quadspi
2026-04-27 22:16:42,383 [INFO] IPUIPlugin:80 - create IPUIPlugin
2026-04-27 22:16:42,383 [INFO] PluginManager:220 - loadIPPluginJar : add aes
2026-04-27 22:16:42,386 [INFO] IPUIPlugin:80 - create IPUIPlugin
2026-04-27 22:16:42,386 [INFO] PluginManager:220 - loadIPPluginJar : add pdm2pcm
2026-04-27 22:16:42,388 [INFO] IPUIPlugin:80 - create IPUIPlugin
2026-04-27 22:16:42,388 [INFO] PluginManager:220 - loadIPPluginJar : add hash
2026-04-27 22:16:42,389 [INFO] IPUIPlugin:80 - create IPUIPlugin
2026-04-27 22:16:42,389 [INFO] PluginManager:220 - loadIPPluginJar : add tim
2026-04-27 22:16:42,390 [INFO] IPUIPlugin:80 - create IPUIPlugin
2026-04-27 22:16:42,390 [INFO] PluginManager:220 - loadIPPluginJar : add tsc
2026-04-27 22:16:42,392 [INFO] IPUIPlugin:80 - create IPUIPlugin
2026-04-27 22:16:42,393 [INFO] PluginManager:220 - loadIPPluginJar : add extmemmanager
2026-04-27 22:16:42,394 [INFO] IPUIPlugin:80 - create IPUIPlugin
2026-04-27 22:16:42,394 [INFO] PluginManager:220 - loadIPPluginJar : add ts
2026-04-27 22:16:42,395 [INFO] IPUIPlugin:80 - create IPUIPlugin
2026-04-27 22:16:42,395 [INFO] PluginManager:220 - loadIPPluginJar : add radio
2026-04-27 22:16:42,397 [INFO] IPUIPlugin:80 - create IPUIPlugin
2026-04-27 22:16:42,397 [INFO] PluginManager:220 - loadIPPluginJar : add can
2026-04-27 22:16:42,398 [INFO] IPUIPlugin:80 - create IPUIPlugin
2026-04-27 22:16:42,398 [INFO] PluginManager:220 - loadIPPluginJar : add dma3
2026-04-27 22:16:42,399 [INFO] IPUIPlugin:80 - create IPUIPlugin
2026-04-27 22:16:42,399 [INFO] PluginManager:220 - loadIPPluginJar : add dfsdm
2026-04-27 22:16:42,401 [INFO] IPUIPlugin:80 - create IPUIPlugin
2026-04-27 22:16:42,401 [INFO] PluginManager:220 - loadIPPluginJar : add spi
2026-04-27 22:16:42,402 [INFO] IPUIPlugin:80 - create IPUIPlugin
2026-04-27 22:16:42,402 [INFO] PluginManager:220 - loadIPPluginJar : add gfxmmu
2026-04-27 22:16:42,404 [INFO] IPUIPlugin:80 - create IPUIPlugin
2026-04-27 22:16:42,404 [INFO] PluginManager:220 - loadIPPluginJar : add genericplugin
2026-04-27 22:16:42,405 [INFO] IPUIPlugin:80 - create IPUIPlugin
2026-04-27 22:16:42,405 [INFO] PluginManager:220 - loadIPPluginJar : add cryp
2026-04-27 22:16:42,409 [INFO] IPUIPlugin:80 - create IPUIPlugin
2026-04-27 22:16:42,409 [INFO] PluginManager:220 - loadIPPluginJar : add gpio
2026-04-27 22:16:42,411 [INFO] IPUIPlugin:80 - create IPUIPlugin
2026-04-27 22:16:42,411 [INFO] PluginManager:220 - loadIPPluginJar : add ddr_ctrl_phy
2026-04-27 22:16:42,413 [INFO] IPUIPlugin:80 - create IPUIPlugin
2026-04-27 22:16:42,413 [INFO] PluginManager:220 - loadIPPluginJar : add comp
2026-04-27 22:16:42,415 [INFO] IPUIPlugin:80 - create IPUIPlugin
2026-04-27 22:16:42,416 [INFO] PluginManager:220 - loadIPPluginJar : add tracer_emb
2026-04-27 22:16:42,417 [INFO] IPUIPlugin:80 - create IPUIPlugin
2026-04-27 22:16:42,418 [INFO] PluginManager:220 - loadIPPluginJar : add openamp
2026-04-27 22:16:42,421 [INFO] IPUIPlugin:80 - create IPUIPlugin
2026-04-27 22:16:42,421 [INFO] PluginManager:220 - loadIPPluginJar : add stm32_wpan
2026-04-27 22:16:42,425 [INFO] IPUIPlugin:80 - create IPUIPlugin
2026-04-27 22:16:42,427 [INFO] PluginManager:220 - loadIPPluginJar : add plateformsettings
2026-04-27 22:16:42,431 [INFO] IPUIPlugin:80 - create IPUIPlugin
2026-04-27 22:16:42,431 [INFO] PluginManager:220 - loadIPPluginJar : add ipddr
2026-04-27 22:16:42,432 [INFO] IPUIPlugin:80 - create IPUIPlugin
2026-04-27 22:16:42,433 [INFO] PluginManager:220 - loadIPPluginJar : add usart
2026-04-27 22:16:42,433 [INFO] IPUIPlugin:80 - create IPUIPlugin
2026-04-27 22:16:42,434 [INFO] PluginManager:220 - loadIPPluginJar : add ltdc
2026-04-27 22:16:42,436 [INFO] IPUIPlugin:80 - create IPUIPlugin
2026-04-27 22:16:42,436 [INFO] PluginManager:220 - loadIPPluginJar : add nvic
2026-04-27 22:16:42,437 [INFO] IPUIPlugin:80 - create IPUIPlugin
2026-04-27 22:16:42,437 [INFO] PluginManager:220 - loadIPPluginJar : add fatfs
2026-04-27 22:16:42,442 [INFO] IPUIPlugin:80 - create IPUIPlugin
2026-04-27 22:16:42,442 [INFO] PluginManager:220 - loadIPPluginJar : add linkedlist
2026-04-27 22:16:42,446 [INFO] IPUIPlugin:80 - create IPUIPlugin
2026-04-27 22:16:42,447 [INFO] PluginManager:220 - loadIPPluginJar : add dma
2026-04-27 22:16:42,449 [INFO] IPUIPlugin:80 - create IPUIPlugin
2026-04-27 22:16:42,449 [INFO] PluginManager:220 - loadIPPluginJar : add fmc
2026-04-27 22:16:42,450 [INFO] IPUIPlugin:80 - create IPUIPlugin
2026-04-27 22:16:42,450 [INFO] PluginManager:220 - loadIPPluginJar : add i2s
2026-04-27 22:16:42,451 [INFO] IPUIPlugin:80 - create IPUIPlugin
2026-04-27 22:16:42,451 [INFO] PluginManager:220 - loadIPPluginJar : add ucpd
2026-04-27 22:16:42,453 [INFO] IPUIPlugin:80 - create IPUIPlugin
2026-04-27 22:16:42,453 [INFO] PluginManager:220 - loadIPPluginJar : add lorawan
2026-04-27 22:16:42,455 [INFO] IPUIPlugin:80 - create IPUIPlugin
2026-04-27 22:16:42,455 [INFO] PluginManager:220 - loadIPPluginJar : add opamp
2026-04-27 22:16:42,457 [INFO] IPUIPlugin:80 - create IPUIPlugin
2026-04-27 22:16:42,457 [INFO] PluginManager:220 - loadIPPluginJar : add i3c
2026-04-27 22:16:42,459 [INFO] IPUIPlugin:80 - create IPUIPlugin
2026-04-27 22:16:42,459 [INFO] PluginManager:220 - loadIPPluginJar : add touchsensing
2026-04-27 22:16:42,461 [INFO] IPUIPlugin:80 - create IPUIPlugin
2026-04-27 22:16:42,462 [INFO] PluginManager:220 - loadIPPluginJar : add i2c
2026-04-27 22:16:42,463 [INFO] IPUIPlugin:80 - create IPUIPlugin
2026-04-27 22:16:42,463 [INFO] PluginManager:220 - loadIPPluginJar : add resmgrutility
2026-04-27 22:16:42,465 [INFO] IPUIPlugin:80 - create IPUIPlugin
2026-04-27 22:16:42,465 [INFO] PluginManager:220 - loadIPPluginJar : add sai
2026-04-27 22:16:42,468 [INFO] IPUIPlugin:80 - create IPUIPlugin
2026-04-27 22:16:42,468 [INFO] PluginManager:220 - loadIPPluginJar : add usbx
2026-04-27 22:16:42,627 [FATAL] Updater:351 - Updater called before beeing initialized
2026-04-27 22:16:42,673 [INFO] RulesReader:64 - Compatibility file has been processed (317 Rules)
2026-04-27 22:16:42,684 [INFO] RulesReader:64 - Compatibility file has been processed (317 Rules)
2026-04-27 22:16:42,693 [INFO] CADModel:165 - CPN selected for project level
2026-04-27 22:16:42,693 [INFO] CADModel:114 - Register for checkConnection events
2026-04-27 22:16:42,693 [FATAL] Updater:351 - Updater called before beeing initialized
2026-04-27 22:16:42,693 [ERROR] CADModel:125 - Updater not yet initialized, retry later 
2026-04-27 22:16:42,932 [FATAL] Updater:351 - Updater called before beeing initialized
2026-04-27 22:16:42,934 [INFO] CADModel:165 - CPN selected for project level
2026-04-27 22:16:42,934 [INFO] CADModel:114 - Register for checkConnection events
2026-04-27 22:16:42,934 [FATAL] Updater:351 - Updater called before beeing initialized
2026-04-27 22:16:42,934 [ERROR] CADModel:125 - Updater not yet initialized, retry later 
2026-04-27 22:16:42,938 [FATAL] Updater:351 - Updater called before beeing initialized
2026-04-27 22:16:43,117 [FATAL] Updater:351 - Updater called before beeing initialized
2026-04-27 22:16:43,123 [INFO] DbMcusAds:53 - JSON generation date=Wed Feb 18 20:02:49 IST 2026 (1771425169665)
2026-04-27 22:16:43,124 [FATAL] Updater:351 - Updater called before beeing initialized
2026-04-27 22:16:43,189 [WARN] DetailPanel:346 - Failed to get advertising image, set to default
2026-04-27 22:16:43,268 [FATAL] Updater:351 - Updater called before beeing initialized
2026-04-27 22:16:43,271 [FATAL] Updater:351 - Updater called before beeing initialized
2026-04-27 22:16:43,272 [FATAL] Updater:351 - Updater called before beeing initialized
2026-04-27 22:16:43,272 [WARN] DetailPanel:346 - Failed to get advertising image, set to default
2026-04-27 22:16:43,273 [FATAL] Updater:351 - Updater called before beeing initialized
2026-04-27 22:16:43,338 [ERROR] Updater:1198 - MainUpdater not yet initialized. External WinMGr cannot be set.
2026-04-27 22:16:43,341 [INFO] Updater:1134 - Updater Version found : 6.15.0
2026-04-27 22:16:43,356 [INFO] ApplicationProperties:184 - Using Application install path: /Applications/STM32CubeIDE.app/Contents/Eclipse/plugins/com.st.stm32cube.common.mx_6.15.0.202507011659
2026-04-27 22:16:43,763 [INFO] MainUpdater:2872 - connection check result : 10
2026-04-27 22:16:43,763 [INFO] MainUpdater:3604 - Updater definition file requires update
2026-04-27 22:16:43,765 [INFO] MainUpdater:289 - Updater Check For Update Now.
2026-04-27 22:16:43,765 [INFO] MicroXplorer:498 - Change Database Version : DB.6.0.150
2026-04-27 22:16:43,773 [INFO] McuFinderGlobals:63 - Set McuFinder mode to 2 (CubeIDE integrated)
2026-04-27 22:16:43,774 [INFO] UserAuth:171 - activating auth plugin
2026-04-27 22:16:43,781 [INFO] UserAuth:487 - Internet connection configuration mode: 1
2026-04-27 22:16:43,796 [INFO] JxBrowserEngine:152 - Initiate JxBrowser Engine with user profile folder
2026-04-27 22:16:43,845 [INFO] ServerAccessManage:452 - Complete download http(s) 200
2026-04-27 22:16:43,848 [INFO] ServerAccessManage:509 - Download File updaters.zip
2026-04-27 22:16:43,986 [INFO] FileExtend:248 - Unzip File : updaters.zip
2026-04-27 22:16:43,986 [INFO] FileExtend:263 - Standard Zip Deflate
2026-04-27 22:16:44,613 [INFO] ServerAccessManage:452 - Complete download http(s) 200
2026-04-27 22:16:44,630 [INFO] ServerAccessManage:509 - Download File PacksControlFlags.xml
2026-04-27 22:16:44,792 [WARN] MainUpdater:1193 - Updater busy. Cannot search thirdparties
2026-04-27 22:16:44,792 [INFO] ThirdPartyUpdaterWithRetryManager:96 - Updater plugin is busy. [1/15]
2026-04-27 22:16:44,796 [INFO] ServerAccessManage:452 - Complete download http(s) 200
2026-04-27 22:16:44,796 [INFO] ServerAccessManage:509 - Download File cubemx.pidx
2026-04-27 22:16:45,610 [INFO] ServerAccessManage:452 - Complete download http(s) 200
2026-04-27 22:16:45,610 [INFO] ServerAccessManage:509 - Download File STMicroelectronics.FP-SNS-STAIOTCFT.pdsc
2026-04-27 22:16:46,299 [INFO] ServerAccessManage:452 - Complete download http(s) 200
2026-04-27 22:16:46,299 [INFO] ServerAccessManage:509 - Download File STMicroelectronics.X-CUBE-MEMS1.pdsc
2026-04-27 22:16:47,798 [WARN] MainUpdater:1193 - Updater busy. Cannot search thirdparties
2026-04-27 22:16:47,798 [INFO] ThirdPartyUpdaterWithRetryManager:96 - Updater plugin is busy. [2/15]
2026-04-27 22:16:48,972 [INFO] WebApp:169 - Instantiating new browser for Auth
2026-04-27 22:16:50,619 [INFO] WebApp:463 - Apply proxy settings
2026-04-27 22:16:50,628 [INFO] WebApp:508 - Chromium authenticates against Manually configured proxy
2026-04-27 22:16:50,650 [INFO] WebApp:516 - Username used for proxy authentication: 
2026-04-27 22:16:50,705 [INFO] WebApp:900 - Register for checkConnection events
2026-04-27 22:16:50,705 [INFO] WebApp:463 - Apply proxy settings
2026-04-27 22:16:50,708 [INFO] WebApp:508 - Chromium authenticates against Manually configured proxy
2026-04-27 22:16:50,708 [INFO] WebApp:516 - Username used for proxy authentication: 
2026-04-27 22:16:50,720 [INFO] ServerAccessManage:452 - Complete download http(s) 200
2026-04-27 22:16:50,720 [INFO] ServerAccessManage:509 - Download File STMicroelectronics.X-CUBE-ST67W61.pdsc
2026-04-27 22:16:50,804 [WARN] MainUpdater:1193 - Updater busy. Cannot search thirdparties
2026-04-27 22:16:50,804 [INFO] ThirdPartyUpdaterWithRetryManager:96 - Updater plugin is busy. [3/15]
2026-04-27 22:16:50,945 [INFO] WebApp:225 - Starting web application
2026-04-27 22:16:50,946 [INFO] WebApp:593 - Web application path used /Applications/STM32CubeIDE.app/Contents/Eclipse/plugins/com.st.stm32cube.common.mx_6.15.0.202507011659/db/plugins/mcufinder/reactClient1/index.html
2026-04-27 22:16:51,527 [INFO] WebApp:191 - Connection restablished
2026-04-27 22:16:52,207 [WARN] PackLoader:240 - Cannot read IP mode file for STMicroelectronics.FP-SNS-STAIOTCFT.1.1.0
2026-04-27 22:16:52,813 [INFO] CheckServerUpdateThread:120 - End of CheckServer Thread
2026-04-27 22:16:52,939 [WARN] PackLoader:240 - Cannot read IP mode file for STMicroelectronics.X-CUBE-MEMS1.12.1.0
2026-04-27 22:16:53,188 [WARN] PopulateThirdPartyThread:106 - Error when creating pack: /Users/nilaNila/.stm32cubemx/thirdparties/pdsc/STMicroelectronics.X-CUBE-ST67W61.pdsc
2026-04-27 22:16:53,189 [INFO] PopulateThirdPartyThread:66 - Ending populate Thread
2026-04-27 22:16:53,191 [INFO] ThirdParty:1030 - CMSIS Pack Vendor :STMicroelectronics FP-SNS-STAIOTCFT 1.1.0
2026-04-27 22:16:53,191 [INFO] ThirdParty:1030 - CMSIS Pack Vendor :STMicroelectronics X-CUBE-MEMS1 12.1.0
2026-04-27 22:16:53,191 [INFO] LoadServerUpdatesThread:375 - End of LoadServerUpdate Thread
2026-04-27 22:16:54,092 [WARN] PackLoader:240 - Cannot read IP mode file for STMicroelectronics.X-CUBE-AZRTOS-H7.3.5.0
2026-04-27 22:16:54,132 [WARN] PackLoader:240 - Cannot read IP mode file for STMicroelectronics.FP-SNS-MOTENVWB1.1.4.0
2026-04-27 22:16:54,159 [WARN] PackLoader:240 - Cannot read IP mode file for STMicroelectronics.FP-ATR-ASTRA1.2.0.2
2026-04-27 22:16:54,175 [WARN] PackLoader:240 - Cannot read IP mode file for STMicroelectronics.X-CUBE-SMBUS.2.1.0
2026-04-27 22:16:54,213 [WARN] PackLoader:240 - Cannot read IP mode file for STMicroelectronics.X-CUBE-AZRTOS-F7.1.1.0
2026-04-27 22:16:54,229 [WARN] PackLoader:240 - Cannot read IP mode file for STMicroelectronics.FP-SNS-MOTENV1.5.1.0
2026-04-27 22:16:54,244 [WARN] PackLoader:240 - Cannot read IP mode file for WES.I-CUBE-Cesium.1.4.0
2026-04-27 22:16:54,284 [WARN] PackLoader:240 - Cannot read IP mode file for STMicroelectronics.X-CUBE-AZRTOS-H7.3.4.0
2026-04-27 22:16:54,309 [WARN] PackLoader:240 - Cannot read IP mode file for STMicroelectronics.X-CUBE-DISPLAY.3.0.0
2026-04-27 22:16:54,323 [WARN] PackLoader:240 - Cannot read IP mode file for STMicroelectronics.FP-SNS-MOTENVWB1.1.5.0
2026-04-27 22:16:54,342 [WARN] PackLoader:240 - Cannot read IP mode file for STMicroelectronics.X-CUBE-NFC10.1.0.0
2026-04-27 22:16:54,357 [WARN] PackLoader:240 - Cannot read IP mode file for STMicroelectronics.X-CUBE-ST60.1.1.0
2026-04-27 22:16:54,371 [WARN] PackLoader:240 - Cannot read IP mode file for emotas.I-CUBE-CANOPEN.1.3.0
2026-04-27 22:16:54,384 [WARN] PackLoader:240 - Cannot read IP mode file for STMicroelectronics.X-CUBE-GNSS1.7.1.0
2026-04-27 22:16:54,399 [WARN] PackLoader:240 - Cannot read IP mode file for STMicroelectronics.FP-SNS-STBOX1.2.1.0
2026-04-27 22:16:54,411 [WARN] PackLoader:240 - Cannot read IP mode file for STMicroelectronics.FP-SNS-SMARTAG2.1.2.0
2026-04-27 22:16:54,416 [WARN] PackLoader:240 - Cannot read IP mode file for STMicroelectronics.FP-SNS-FLIGHT1.5.1.0
2026-04-27 22:16:54,427 [INFO] LogOutputStream:77 - [STDOUT_REDIRECT] 1 : Invalid condition id : UX_CORESTACK_Condition cause : null
2026-04-27 22:16:54,429 [INFO] LogOutputStream:77 - [STDOUT_REDIRECT] 1 : Invalid condition id : UX_CORESTACK_Condition cause : null
2026-04-27 22:16:54,429 [INFO] LogOutputStream:77 - [STDOUT_REDIRECT] 1 : Invalid condition id : UX_CORESTACK_Condition cause : null
2026-04-27 22:16:54,429 [INFO] LogOutputStream:77 - [STDOUT_REDIRECT] 1 : Invalid condition id : UX_CORESTACK_Condition cause : null
2026-04-27 22:16:54,429 [INFO] LogOutputStream:77 - [STDOUT_REDIRECT] 1 : Invalid condition id : UX_CORESTACK_Condition cause : null
2026-04-27 22:16:54,436 [WARN] PackLoader:240 - Cannot read IP mode file for STMicroelectronics.X-CUBE-AZRTOS-WL.2.0.0
2026-04-27 22:16:54,472 [WARN] PackLoader:240 - Cannot read IP mode file for STMicroelectronics.X-CUBE-AZRTOS-H7RS.1.2.0
2026-04-27 22:16:54,492 [WARN] PackLoader:240 - Cannot read IP mode file for STMicroelectronics.X-CUBE-BLE2.3.3.0
2026-04-27 22:16:54,573 [WARN] PackLoader:240 - Cannot read IP mode file for Infineon.AIROC-Wi-Fi-Bluetooth-STM32.1.8.0
2026-04-27 22:16:54,601 [WARN] PackLoader:240 - Cannot read IP mode file for STMicroelectronics.X-CUBE-NFC9.1.0.0
2026-04-27 22:16:54,610 [WARN] PackLoader:240 - Cannot read IP mode file for STMicroelectronics.X-CUBE-BLE1.7.1.0
2026-04-27 22:16:54,615 [WARN] PackLoader:240 - Cannot read IP mode file for wolfSSL.I-CUBE-wolfMQTT.1.19.2
2026-04-27 22:16:54,626 [WARN] PackLoader:240 - Cannot read IP mode file for STMicroelectronics.X-CUBE-FREERTOS.1.4.0
2026-04-27 22:16:54,635 [WARN] PackLoader:240 - Cannot read IP mode file for STMicroelectronics.X-CUBE-EEPRMA1.5.2.0
2026-04-27 22:16:54,643 [WARN] PackLoader:240 - Cannot read IP mode file for wolfSSL.I-CUBE-wolfSSL.5.8.4
2026-04-27 22:16:54,647 [WARN] PackLoader:240 - Cannot read IP mode file for Cesanta.I-CUBE-Mongoose.7.20.0
2026-04-27 22:16:54,654 [WARN] PackLoader:240 - Cannot read IP mode file for STMicroelectronics.FP-SNS-STAIOTCFT.1.1.0
2026-04-27 22:16:54,745 [WARN] PackLoader:240 - Cannot read IP mode file for STMicroelectronics.X-CUBE-MEMS1.12.0.0
2026-04-27 22:16:54,856 [WARN] PackLoader:240 - Cannot read IP mode file for STMicroelectronics.X-CUBE-AZRTOS-G0.1.1.0
2026-04-27 22:16:54,869 [WARN] PackLoader:240 - Cannot read IP mode file for STMicroelectronics.X-CUBE-NFC4.3.0.0
2026-04-27 22:16:54,929 [WARN] PackLoader:240 - Cannot read IP mode file for EmbeddedOffice.I-CUBE-FS-RTOS.1.0.1
2026-04-27 22:16:54,954 [WARN] PackLoader:240 - Cannot read IP mode file for STMicroelectronics.X-CUBE-WB05N.2.0.0
2026-04-27 22:16:54,967 [WARN] PackLoader:240 - Cannot read IP mode file for wolfSSL.I-CUBE-wolfTPM.3.8.0
2026-04-27 22:16:54,987 [WARN] PackLoader:240 - Cannot read IP mode file for STMicroelectronics.X-CUBE-TCPP.4.2.0
2026-04-27 22:16:55,021 [WARN] PackLoader:240 - Cannot read IP mode file for RealThread.X-CUBE-RT-Thread_Nano.4.1.1
2026-04-27 22:16:55,042 [WARN] PackLoader:240 - Cannot read IP mode file for STMicroelectronics.FP-ATR-SIGFOX1.3.2.0
2026-04-27 22:16:55,057 [WARN] PackLoader:240 - Cannot read IP mode file for STMicroelectronics.X-CUBE-FREERTOS.1.5.0
2026-04-27 22:16:55,529 [WARN] PackLoader:240 - Cannot read IP mode file for ITTIA_DB.I-CUBE-ITTIADB.8.9.0
2026-04-27 22:16:55,593 [WARN] PackLoader:240 - Cannot read IP mode file for STMicroelectronics.X-CUBE-NFC6.3.2.0
2026-04-27 22:16:55,614 [WARN] PackLoader:240 - Cannot read IP mode file for STMicroelectronics.X-CUBE-AI.10.2.0
2026-04-27 22:16:55,695 [WARN] PackLoader:240 - Cannot read IP mode file for STMicroelectronics.X-CUBE-MEMS1.12.1.0
2026-04-27 22:16:55,845 [WARN] PackLoader:240 - Cannot read IP mode file for SEGGER.I-CUBE-embOS.1.3.1
2026-04-27 22:16:55,907 [WARN] PackLoader:240 - Cannot read IP mode file for STMicroelectronics.X-CUBE-ALGOBUILD.1.4.0
2026-04-27 22:16:55,917 [WARN] PackLoader:240 - Cannot read IP mode file for STMicroelectronics.X-CUBE-PM33A1.1.0.0
2026-04-27 22:16:55,953 [WARN] PackLoader:240 - Cannot read IP mode file for STMicroelectronics.X-CUBE-AZRTOS-F4.1.1.0
2026-04-27 22:16:55,975 [WARN] PackLoader:240 - Cannot read IP mode file for STMicroelectronics.X-CUBE-ISPU.2.1.0
2026-04-27 22:16:55,993 [WARN] PackLoader:240 - Cannot read IP mode file for STMicroelectronics.X-CUBE-IPS.3.2.0
2026-04-27 22:16:56,003 [WARN] PackLoader:240 - Cannot read IP mode file for STMicroelectronics.eDS-WB_DPC_TT-BIDIR.2.1.1
2026-04-27 22:16:56,012 [WARN] PackLoader:240 - Cannot read IP mode file for STMicroelectronics.X-CUBE-NFC12.1.0.0
2026-04-27 22:16:56,039 [WARN] PackLoader:240 - Cannot read IP mode file for STMicroelectronics.X-CUBE-AZRTOS-L5.2.0.0
2026-04-27 22:16:56,047 [WARN] PackLoader:240 - Cannot read IP mode file for STMicroelectronics.eDS-WB_DPC_VIENNA.1.2.0
2026-04-27 22:16:56,050 [WARN] PackLoader:240 - Cannot read IP mode file for STMicroelectronics.eDS-WB_DPC_3PH2L-BIDIR.1.1.1
2026-04-27 22:16:56,089 [ERROR] Engine:466 - /Users/nilaNila/.stm32cubemx/thirdparties/pdsc/STMicroelectronics.X-CUBE-ST67W61.1.3.0.pdsc: PDSC version is not supported
2026-04-27 22:16:56,099 [WARN] PackLoader:240 - Cannot read IP mode file for STMicroelectronics.X-CUBE-TOUCHGFX.4.26.0
2026-04-27 22:16:56,105 [WARN] PackLoader:240 - Cannot read IP mode file for STMicroelectronics.X-CUBE-TOUCHGFX.4.26.1
2026-04-27 22:16:56,111 [WARN] PackLoader:240 - Cannot read IP mode file for STMicroelectronics.FP-SNS-STAIOTCFT.1.0.0
2026-04-27 22:16:56,119 [WARN] PackLoader:240 - Cannot read IP mode file for STMicroelectronics.X-CUBE-DPower.1.3.0
2026-04-27 22:16:56,145 [WARN] ConditionMgr:438 - getConditionDescription Invalid condition id : LAN8742 Phy interface Condition cause : null
2026-04-27 22:16:56,147 [WARN] PackLoader:240 - Cannot read IP mode file for STMicroelectronics.X-CUBE-AZRTOS-L4.2.0.0
2026-04-27 22:16:56,151 [WARN] ConditionMgr:1044 - genDependencies : Invalid condition id : LAN8742 Phy interface Condition cause : null
2026-04-27 22:16:56,152 [WARN] ConditionMgr:1044 - genDependencies : Invalid condition id : LAN8742 Phy interface Condition cause : null
2026-04-27 22:16:56,153 [WARN] ConditionMgr:1044 - genDependencies : Invalid condition id : LAN8742 Phy interface Condition cause : null
2026-04-27 22:16:56,163 [WARN] PackLoader:240 - Cannot read IP mode file for STMicroelectronics.X-CUBE-SFXS2LP1.4.0.0
2026-04-27 22:16:56,175 [WARN] PackLoader:240 - Cannot read IP mode file for STMicroelectronics.X-CUBE-WB05N.2.1.0
2026-04-27 22:16:56,185 [WARN] PackLoader:240 - Cannot read IP mode file for STMicroelectronics.X-CUBE-ST67W61.1.2.0
2026-04-27 22:16:56,207 [WARN] PackLoader:240 - Cannot read IP mode file for STMicroelectronics.X-CUBE-BLEMGR.4.1.0
2026-04-27 22:16:56,229 [WARN] ConditionMgr:438 - getConditionDescription Invalid condition id : UX DEVICE CLASS RTOS Condition cause : null
2026-04-27 22:16:56,229 [WARN] ConditionMgr:438 - getConditionDescription Invalid condition id : UX DEVICE CLASS RTOS Condition cause : null
2026-04-27 22:16:56,234 [WARN] PackLoader:240 - Cannot read IP mode file for STMicroelectronics.X-CUBE-AZRTOS-WB.2.0.0
2026-04-27 22:16:56,236 [WARN] ConditionMgr:1044 - genDependencies : Invalid condition id : UX DEVICE CLASS RTOS Condition cause : null
2026-04-27 22:16:56,236 [WARN] ConditionMgr:1044 - genDependencies : Invalid condition id : UX DEVICE CLASS RTOS Condition cause : null
2026-04-27 22:16:56,237 [WARN] ConditionMgr:1044 - genDependencies : Invalid condition id : UX DEVICE CLASS RTOS Condition cause : null
2026-04-27 22:16:56,238 [WARN] ConditionMgr:1044 - genDependencies : Invalid condition id : UX DEVICE CLASS RTOS Condition cause : null
2026-04-27 22:16:56,238 [WARN] ConditionMgr:1044 - genDependencies : Invalid condition id : UX DEVICE CLASS RTOS Condition cause : null
2026-04-27 22:16:56,248 [WARN] ConditionMgr:438 - getConditionDescription Invalid condition id : Cortex-A Device cause : null
2026-04-27 22:16:56,301 [WARN] ConditionMgr:1044 - genDependencies : Invalid condition id : Cortex-A Device cause : null
2026-04-27 22:16:56,302 [WARN] ConditionMgr:1044 - genDependencies : Invalid condition id : Cortex-A Device cause : null
2026-04-27 22:16:56,302 [WARN] ConditionMgr:1044 - genDependencies : Invalid condition id : Cortex-A Device cause : null
2026-04-27 22:16:56,311 [WARN] PackLoader:240 - Cannot read IP mode file for STMicroelectronics.X-CUBE-STSE01.2.0.0
2026-04-27 22:16:56,329 [WARN] PackLoader:240 - Cannot read IP mode file for STMicroelectronics.X-CUBE-SUBG2.5.0.0
2026-04-27 22:16:56,359 [WARN] PackLoader:240 - Cannot read IP mode file for STMicroelectronics.X-CUBE-AZRTOS-G4.2.0.0
2026-04-27 22:16:56,370 [WARN] PackLoader:240 - Cannot read IP mode file for wolfSSL.I-CUBE-wolfSSH.1.4.20
2026-04-27 22:16:56,377 [WARN] PackLoader:240 - Cannot read IP mode file for STMicroelectronics.X-CUBE-NFC7.2.0.0
2026-04-27 22:16:56,386 [WARN] PackLoader:240 - Cannot read IP mode file for STMicroelectronics.X-CUBE-ALS.1.0.2
2026-04-27 22:16:56,402 [WARN] PackLoader:240 - Cannot read IP mode file for STMicroelectronics.X-CUBE-TOF1.3.4.3
2026-04-27 22:16:56,420 [INFO] ThirdParty:978 - Integrity check success = true
2026-04-27 22:16:56,420 [INFO] IntegrityCheckThread:100 - exiting critical section [integrity check]
2026-04-27 22:16:56,420 [INFO] IntegrityCheckThread:103 - End integrity checks thread
2026-04-27 22:32:01,563 [INFO] WebApp:194 - Connection lost
2026-04-27 23:16:30,194 [INFO] WebApp:191 - Connection restablished
2026-04-27 23:16:30,537 [INFO] WebApp:194 - Connection lost
2026-04-27 23:16:30,761 [INFO] WebApp:191 - Connection restablished
2026-04-27 23:27:00,113 [INFO] WebApp:194 - Connection lost
2026-04-27 23:27:00,368 [INFO] WebApp:191 - Connection restablished
2026-04-27 23:47:52,384 [INFO] WebApp:194 - Connection lost
2026-04-27 23:47:53,536 [INFO] WebApp:191 - Connection restablished
2026-04-27 23:58:17,161 [INFO] WebApp:194 - Connection lost
2026-04-27 23:58:17,544 [INFO] WebApp:191 - Connection restablished
